---------------------------------------------------------------
[ 2020-11-08T12:11:37+08:00 ] 127.0.0.1 GET q2010211.test/QSZRwMAOXU.php/dashboard?ref=addtabs
[运行时间：0.126959s] [吞吐率：7.88req/s] [内存消耗：2,493.37kb] [文件加载：132]
[ info ] [ BEHAVIOR ] Run Closure @app_init [ RunTime:0.000093s ]
[ info ] [ CACHE ] INIT File
[ info ] [ BEHAVIOR ] Run Closure @app_init [ RunTime:0.003500s ]
[ info ] [ LANG ] D:\phpStudy\PHPTutorial\WWW\q2010211\thinkphp\lang\zh-cn.php
[ info ] [ BEHAVIOR ] Run app\common\behavior\Common @app_dispatch [ RunTime:0.000765s ]
[ info ] [ ROUTE ] array (
  'type' => 'module',
  'module' => 
  array (
    0 => 'admin',
    1 => 'dashboard',
    2 => NULL,
  ),
)
[ info ] [ HEADER ] array (
  'accept-language' => 'zh-CN,zh;q=0.9',
  'accept-encoding' => 'gzip, deflate',
  'accept' => 'text/html,application/xhtml+xml,application/xml;q=0.9,image/avif,image/webp,image/apng,*/*;q=0.8,application/signed-exchange;v=b3;q=0.9',
  'user-agent' => 'Mozilla/5.0 (Windows NT 10.0; Win64; x64) AppleWebKit/537.36 (KHTML, like Gecko) Chrome/86.0.4240.183 Safari/537.36',
  'upgrade-insecure-requests' => '1',
  'connection' => 'close',
  'host' => 'q2010211.test',
)
[ info ] [ PARAM ] array (
  'ref' => 'addtabs',
)
[ info ] [ LANG ] D:\phpStudy\PHPTutorial\WWW\q2010211\public/../application/admin\lang\zh-cn.php
[ info ] [ BEHAVIOR ] Run app\common\behavior\Common @module_init [ RunTime:0.001807s ]
[ info ] [ SESSION ] INIT array (
  'id' => '',
  'var_session_id' => '',
  'prefix' => 'think',
  'type' => '',
  'auto_start' => true,
)
[ info ] [ VIEW ] D:\phpStudy\PHPTutorial\WWW\q2010211\public/../application/common\view\tpl\dispatch_jump.tpl [ array (
  0 => 'code',
  1 => 'msg',
  2 => 'data',
  3 => 'url',
  4 => 'wait',
) ]
[ info ] [ BEHAVIOR ] Run app\admin\behavior\AdminLog @app_end [ RunTime:0.000600s ]
[ info ] [ LOG ] INIT File
---------------------------------------------------------------
[ 2020-11-08T12:11:39+08:00 ] 127.0.0.1 GET q2010211.test/QSZRwMAOXU.php/index/login?url=%2FQSZRwMAOXU.php%2Fdashboard%3Fref%3Daddtabs
[运行时间：0.072668s] [吞吐率：13.76req/s] [内存消耗：2,833.78kb] [文件加载：136]
[ info ] [ BEHAVIOR ] Run Closure @app_init [ RunTime:0.000016s ]
[ info ] [ CACHE ] INIT File
[ info ] [ BEHAVIOR ] Run Closure @app_init [ RunTime:0.004077s ]
[ info ] [ LANG ] D:\phpStudy\PHPTutorial\WWW\q2010211\thinkphp\lang\zh-cn.php
[ info ] [ BEHAVIOR ] Run app\common\behavior\Common @app_dispatch [ RunTime:0.000578s ]
[ info ] [ ROUTE ] array (
  'type' => 'module',
  'module' => 
  array (
    0 => 'admin',
    1 => 'index',
    2 => 'login',
  ),
)
[ info ] [ HEADER ] array (
  'cookie' => 'PHPSESSID=026lo4msrcs8vprd8o9d5rl2j3',
  'accept-language' => 'zh-CN,zh;q=0.9',
  'accept-encoding' => 'gzip, deflate',
  'referer' => 'http://q2010211.test/QSZRwMAOXU.php/dashboard?ref=addtabs',
  'accept' => 'text/html,application/xhtml+xml,application/xml;q=0.9,image/avif,image/webp,image/apng,*/*;q=0.8,application/signed-exchange;v=b3;q=0.9',
  'user-agent' => 'Mozilla/5.0 (Windows NT 10.0; Win64; x64) AppleWebKit/537.36 (KHTML, like Gecko) Chrome/86.0.4240.183 Safari/537.36',
  'upgrade-insecure-requests' => '1',
  'connection' => 'close',
  'host' => 'q2010211.test',
)
[ info ] [ PARAM ] array (
  'url' => '/QSZRwMAOXU.php/dashboard?ref=addtabs',
)
[ info ] [ LANG ] D:\phpStudy\PHPTutorial\WWW\q2010211\public/../application/admin\lang\zh-cn.php
[ info ] [ BEHAVIOR ] Run app\common\behavior\Common @module_init [ RunTime:0.001248s ]
[ info ] [ SESSION ] INIT array (
  'id' => '',
  'var_session_id' => '',
  'prefix' => 'think',
  'type' => '',
  'auto_start' => true,
)
[ info ] [ BEHAVIOR ] Run \addons\nkeditor\Nkeditor @config_init [ RunTime:0.000959s ]
[ info ] [ LANG ] D:\phpStudy\PHPTutorial\WWW\q2010211\public/../application/admin/lang/zh-cn/index.php
[ info ] [ RUN ] app\admin\controller\Index->login[ D:\phpStudy\PHPTutorial\WWW\q2010211\application\admin\controller\Index.php ]
[ info ] [ VIEW ] D:\phpStudy\PHPTutorial\WWW\q2010211\public/../application/admin\view\index\login.html [ array (
  0 => 'breadcrumb',
  1 => 'site',
  2 => 'config',
  3 => 'auth',
  4 => 'admin',
  5 => 'background',
  6 => 'title',
) ]
[ info ] [ BEHAVIOR ] Run app\admin\behavior\AdminLog @app_end [ RunTime:0.000439s ]
[ info ] [ LOG ] INIT File
---------------------------------------------------------------
[ 2020-11-08T12:11:39+08:00 ] 127.0.0.1 GET q2010211.test/index.php?s=/captcha
[运行时间：0.057583s] [吞吐率：17.37req/s] [内存消耗：1,869.48kb] [文件加载：116]
[ info ] [ BEHAVIOR ] Run Closure @app_init [ RunTime:0.000019s ]
[ info ] [ CACHE ] INIT File
[ info ] [ BEHAVIOR ] Run Closure @app_init [ RunTime:0.006359s ]
[ info ] [ LANG ] D:\phpStudy\PHPTutorial\WWW\q2010211\thinkphp\lang\zh-cn.php
[ info ] [ BEHAVIOR ] Run app\common\behavior\Common @app_dispatch [ RunTime:0.000766s ]
[ info ] [ ROUTE ] array (
  'type' => 'method',
  'method' => 
  array (
    0 => '\\think\\captcha\\CaptchaController',
    1 => 'index',
  ),
  'var' => 
  array (
  ),
)
[ info ] [ HEADER ] array (
  'cookie' => 'PHPSESSID=026lo4msrcs8vprd8o9d5rl2j3',
  'accept-language' => 'zh-CN,zh;q=0.9',
  'accept-encoding' => 'gzip, deflate',
  'referer' => 'http://q2010211.test/QSZRwMAOXU.php/index/login?url=%2FQSZRwMAOXU.php%2Fdashboard%3Fref%3Daddtabs',
  'accept' => 'image/avif,image/webp,image/apng,image/*,*/*;q=0.8',
  'user-agent' => 'Mozilla/5.0 (Windows NT 10.0; Win64; x64) AppleWebKit/537.36 (KHTML, like Gecko) Chrome/86.0.4240.183 Safari/537.36',
  'connection' => 'close',
  'host' => 'q2010211.test',
)
[ info ] [ PARAM ] array (
  'id' => NULL,
)
[ info ] [ RUN ] think\captcha\CaptchaController->index[ D:\phpStudy\PHPTutorial\WWW\q2010211\vendor\topthink\think-captcha\src\CaptchaController.php ]
[ info ] [ SESSION ] INIT array (
  'id' => '',
  'var_session_id' => '',
  'prefix' => 'think',
  'type' => '',
  'auto_start' => true,
)
[ info ] [ LOG ] INIT File
---------------------------------------------------------------
[ 2020-11-08T12:11:40+08:00 ] 127.0.0.1 GET q2010211.test/QSZRwMAOXU.php/ajax/lang?callback=define&controllername=index&v=1604808698
[运行时间：0.065341s] [吞吐率：15.30req/s] [内存消耗：2,770.56kb] [文件加载：136]
[ info ] [ BEHAVIOR ] Run Closure @app_init [ RunTime:0.000021s ]
[ info ] [ CACHE ] INIT File
[ info ] [ BEHAVIOR ] Run Closure @app_init [ RunTime:0.003520s ]
[ info ] [ LANG ] D:\phpStudy\PHPTutorial\WWW\q2010211\thinkphp\lang\zh-cn.php
[ info ] [ BEHAVIOR ] Run app\common\behavior\Common @app_dispatch [ RunTime:0.000548s ]
[ info ] [ ROUTE ] array (
  'type' => 'module',
  'module' => 
  array (
    0 => 'admin',
    1 => 'ajax',
    2 => 'lang',
  ),
)
[ info ] [ HEADER ] array (
  'cookie' => 'PHPSESSID=026lo4msrcs8vprd8o9d5rl2j3',
  'accept-language' => 'zh-CN,zh;q=0.9',
  'accept-encoding' => 'gzip, deflate',
  'referer' => 'http://q2010211.test/QSZRwMAOXU.php/index/login?url=%2FQSZRwMAOXU.php%2Fdashboard%3Fref%3Daddtabs',
  'accept' => '*/*',
  'user-agent' => 'Mozilla/5.0 (Windows NT 10.0; Win64; x64) AppleWebKit/537.36 (KHTML, like Gecko) Chrome/86.0.4240.183 Safari/537.36',
  'connection' => 'close',
  'host' => 'q2010211.test',
)
[ info ] [ PARAM ] array (
  'callback' => 'define',
  'controllername' => 'index',
  'v' => '1604808698',
)
[ info ] [ LANG ] D:\phpStudy\PHPTutorial\WWW\q2010211\public/../application/admin\lang\zh-cn.php
[ info ] [ BEHAVIOR ] Run app\common\behavior\Common @module_init [ RunTime:0.001227s ]
[ info ] [ SESSION ] INIT array (
  'id' => '',
  'var_session_id' => '',
  'prefix' => 'think',
  'type' => '',
  'auto_start' => true,
)
[ info ] [ BEHAVIOR ] Run \addons\nkeditor\Nkeditor @config_init [ RunTime:0.000600s ]
[ info ] [ LANG ] D:\phpStudy\PHPTutorial\WWW\q2010211\public/../application/admin/lang/zh-cn/ajax.php
[ info ] [ RUN ] app\admin\controller\Ajax->lang[ D:\phpStudy\PHPTutorial\WWW\q2010211\application\admin\controller\Ajax.php ]
[ info ] [ LANG ] D:\phpStudy\PHPTutorial\WWW\q2010211\public/../application/admin/lang/zh-cn/index.php
[ info ] [ BEHAVIOR ] Run app\admin\behavior\AdminLog @app_end [ RunTime:0.000492s ]
[ info ] [ LOG ] INIT File
---------------------------------------------------------------
[ 2020-11-08T12:11:47+08:00 ] 127.0.0.1 GET q2010211.test/index.php?s=/captcha&r=0.6551393175187037
[运行时间：0.067778s] [吞吐率：14.75req/s] [内存消耗：1,869.68kb] [文件加载：116]
[ info ] [ BEHAVIOR ] Run Closure @app_init [ RunTime:0.000015s ]
[ info ] [ CACHE ] INIT File
[ info ] [ BEHAVIOR ] Run Closure @app_init [ RunTime:0.003448s ]
[ info ] [ LANG ] D:\phpStudy\PHPTutorial\WWW\q2010211\thinkphp\lang\zh-cn.php
[ info ] [ BEHAVIOR ] Run app\common\behavior\Common @app_dispatch [ RunTime:0.000530s ]
[ info ] [ ROUTE ] array (
  'type' => 'method',
  'method' => 
  array (
    0 => '\\think\\captcha\\CaptchaController',
    1 => 'index',
  ),
  'var' => 
  array (
  ),
)
[ info ] [ HEADER ] array (
  'cookie' => 'PHPSESSID=026lo4msrcs8vprd8o9d5rl2j3',
  'accept-language' => 'zh-CN,zh;q=0.9',
  'accept-encoding' => 'gzip, deflate',
  'referer' => 'http://q2010211.test/QSZRwMAOXU.php/index/login?url=%2FQSZRwMAOXU.php%2Fdashboard%3Fref%3Daddtabs',
  'accept' => 'image/avif,image/webp,image/apng,image/*,*/*;q=0.8',
  'user-agent' => 'Mozilla/5.0 (Windows NT 10.0; Win64; x64) AppleWebKit/537.36 (KHTML, like Gecko) Chrome/86.0.4240.183 Safari/537.36',
  'connection' => 'close',
  'host' => 'q2010211.test',
)
[ info ] [ PARAM ] array (
  'r' => '0.6551393175187037',
  'id' => NULL,
)
[ info ] [ RUN ] think\captcha\CaptchaController->index[ D:\phpStudy\PHPTutorial\WWW\q2010211\vendor\topthink\think-captcha\src\CaptchaController.php ]
[ info ] [ SESSION ] INIT array (
  'id' => '',
  'var_session_id' => '',
  'prefix' => 'think',
  'type' => '',
  'auto_start' => true,
)
[ info ] [ LOG ] INIT File
---------------------------------------------------------------
[ 2020-11-08T12:11:48+08:00 ] 127.0.0.1 GET q2010211.test/index.php?s=/captcha&r=0.41743459112638104
[运行时间：0.044309s] [吞吐率：22.57req/s] [内存消耗：1,869.68kb] [文件加载：116]
[ info ] [ BEHAVIOR ] Run Closure @app_init [ RunTime:0.000015s ]
[ info ] [ CACHE ] INIT File
[ info ] [ BEHAVIOR ] Run Closure @app_init [ RunTime:0.003483s ]
[ info ] [ LANG ] D:\phpStudy\PHPTutorial\WWW\q2010211\thinkphp\lang\zh-cn.php
[ info ] [ BEHAVIOR ] Run app\common\behavior\Common @app_dispatch [ RunTime:0.000546s ]
[ info ] [ ROUTE ] array (
  'type' => 'method',
  'method' => 
  array (
    0 => '\\think\\captcha\\CaptchaController',
    1 => 'index',
  ),
  'var' => 
  array (
  ),
)
[ info ] [ HEADER ] array (
  'cookie' => 'PHPSESSID=026lo4msrcs8vprd8o9d5rl2j3',
  'accept-language' => 'zh-CN,zh;q=0.9',
  'accept-encoding' => 'gzip, deflate',
  'referer' => 'http://q2010211.test/QSZRwMAOXU.php/index/login?url=%2FQSZRwMAOXU.php%2Fdashboard%3Fref%3Daddtabs',
  'accept' => 'image/avif,image/webp,image/apng,image/*,*/*;q=0.8',
  'user-agent' => 'Mozilla/5.0 (Windows NT 10.0; Win64; x64) AppleWebKit/537.36 (KHTML, like Gecko) Chrome/86.0.4240.183 Safari/537.36',
  'connection' => 'close',
  'host' => 'q2010211.test',
)
[ info ] [ PARAM ] array (
  'r' => '0.41743459112638104',
  'id' => NULL,
)
[ info ] [ RUN ] think\captcha\CaptchaController->index[ D:\phpStudy\PHPTutorial\WWW\q2010211\vendor\topthink\think-captcha\src\CaptchaController.php ]
[ info ] [ SESSION ] INIT array (
  'id' => '',
  'var_session_id' => '',
  'prefix' => 'think',
  'type' => '',
  'auto_start' => true,
)
[ info ] [ LOG ] INIT File
---------------------------------------------------------------
[ 2020-11-08T12:11:50+08:00 ] 127.0.0.1 GET q2010211.test/index.php?s=/captcha&r=0.02658138221457751
[运行时间：0.049641s] [吞吐率：20.14req/s] [内存消耗：1,869.68kb] [文件加载：116]
[ info ] [ BEHAVIOR ] Run Closure @app_init [ RunTime:0.000014s ]
[ info ] [ CACHE ] INIT File
[ info ] [ BEHAVIOR ] Run Closure @app_init [ RunTime:0.003325s ]
[ info ] [ LANG ] D:\phpStudy\PHPTutorial\WWW\q2010211\thinkphp\lang\zh-cn.php
[ info ] [ BEHAVIOR ] Run app\common\behavior\Common @app_dispatch [ RunTime:0.000541s ]
[ info ] [ ROUTE ] array (
  'type' => 'method',
  'method' => 
  array (
    0 => '\\think\\captcha\\CaptchaController',
    1 => 'index',
  ),
  'var' => 
  array (
  ),
)
[ info ] [ HEADER ] array (
  'cookie' => 'PHPSESSID=026lo4msrcs8vprd8o9d5rl2j3',
  'accept-language' => 'zh-CN,zh;q=0.9',
  'accept-encoding' => 'gzip, deflate',
  'referer' => 'http://q2010211.test/QSZRwMAOXU.php/index/login?url=%2FQSZRwMAOXU.php%2Fdashboard%3Fref%3Daddtabs',
  'accept' => 'image/avif,image/webp,image/apng,image/*,*/*;q=0.8',
  'user-agent' => 'Mozilla/5.0 (Windows NT 10.0; Win64; x64) AppleWebKit/537.36 (KHTML, like Gecko) Chrome/86.0.4240.183 Safari/537.36',
  'connection' => 'close',
  'host' => 'q2010211.test',
)
[ info ] [ PARAM ] array (
  'r' => '0.02658138221457751',
  'id' => NULL,
)
[ info ] [ RUN ] think\captcha\CaptchaController->index[ D:\phpStudy\PHPTutorial\WWW\q2010211\vendor\topthink\think-captcha\src\CaptchaController.php ]
[ info ] [ SESSION ] INIT array (
  'id' => '',
  'var_session_id' => '',
  'prefix' => 'think',
  'type' => '',
  'auto_start' => true,
)
[ info ] [ LOG ] INIT File
---------------------------------------------------------------
[ 2020-11-08T12:11:57+08:00 ] 127.0.0.1 POST q2010211.test/QSZRwMAOXU.php/index/login?url=%2FQSZRwMAOXU.php%2Fdashboard%3Fref%3Daddtabs
[运行时间：0.104446s] [吞吐率：9.57req/s] [内存消耗：3,437.62kb] [文件加载：144]
[ info ] [ BEHAVIOR ] Run Closure @app_init [ RunTime:0.000019s ]
[ info ] [ CACHE ] INIT File
[ info ] [ BEHAVIOR ] Run Closure @app_init [ RunTime:0.003404s ]
[ info ] [ LANG ] D:\phpStudy\PHPTutorial\WWW\q2010211\thinkphp\lang\zh-cn.php
[ info ] [ BEHAVIOR ] Run app\common\behavior\Common @app_dispatch [ RunTime:0.000572s ]
[ info ] [ ROUTE ] array (
  'type' => 'module',
  'module' => 
  array (
    0 => 'admin',
    1 => 'index',
    2 => 'login',
  ),
)
[ info ] [ HEADER ] array (
  'cookie' => 'PHPSESSID=026lo4msrcs8vprd8o9d5rl2j3',
  'accept-language' => 'zh-CN,zh;q=0.9',
  'accept-encoding' => 'gzip, deflate',
  'referer' => 'http://q2010211.test/QSZRwMAOXU.php/index/login?url=%2FQSZRwMAOXU.php%2Fdashboard%3Fref%3Daddtabs',
  'origin' => 'http://q2010211.test',
  'content-type' => 'application/x-www-form-urlencoded; charset=UTF-8',
  'user-agent' => 'Mozilla/5.0 (Windows NT 10.0; Win64; x64) AppleWebKit/537.36 (KHTML, like Gecko) Chrome/86.0.4240.183 Safari/537.36',
  'x-requested-with' => 'XMLHttpRequest',
  'accept' => 'application/json, text/javascript, */*; q=0.01',
  'content-length' => '86',
  'connection' => 'close',
  'host' => 'q2010211.test',
)
[ info ] [ PARAM ] array (
  'url' => '/QSZRwMAOXU.php/dashboard?ref=addtabs',
  '__token__' => '7c32467d2c5ce0e504e3412e76f3b3f0',
  'username' => 'admin',
  'password' => '123456',
  'captcha' => 'jnvy',
)
[ info ] [ LANG ] D:\phpStudy\PHPTutorial\WWW\q2010211\public/../application/admin\lang\zh-cn.php
[ info ] [ BEHAVIOR ] Run app\common\behavior\Common @module_init [ RunTime:0.001178s ]
[ info ] [ SESSION ] INIT array (
  'id' => '',
  'var_session_id' => '',
  'prefix' => 'think',
  'type' => '',
  'auto_start' => true,
)
[ info ] [ BEHAVIOR ] Run \addons\nkeditor\Nkeditor @config_init [ RunTime:0.000435s ]
[ info ] [ LANG ] D:\phpStudy\PHPTutorial\WWW\q2010211\public/../application/admin/lang/zh-cn/index.php
[ info ] [ RUN ] app\admin\controller\Index->login[ D:\phpStudy\PHPTutorial\WWW\q2010211\application\admin\controller\Index.php ]
[ info ] [ DB ] INIT mysql
[ info ] [ BEHAVIOR ] Run app\admin\behavior\AdminLog @app_end [ RunTime:0.042126s ]
[ info ] [ LOG ] INIT File
---------------------------------------------------------------
[ 2020-11-08T12:11:57+08:00 ] 127.0.0.1 GET q2010211.test/index.php?s=/captcha&r=0.03193097014151003
[运行时间：0.048113s] [吞吐率：20.78req/s] [内存消耗：1,869.68kb] [文件加载：116]
[ info ] [ BEHAVIOR ] Run Closure @app_init [ RunTime:0.000015s ]
[ info ] [ CACHE ] INIT File
[ info ] [ BEHAVIOR ] Run Closure @app_init [ RunTime:0.003824s ]
[ info ] [ LANG ] D:\phpStudy\PHPTutorial\WWW\q2010211\thinkphp\lang\zh-cn.php
[ info ] [ BEHAVIOR ] Run app\common\behavior\Common @app_dispatch [ RunTime:0.000612s ]
[ info ] [ ROUTE ] array (
  'type' => 'method',
  'method' => 
  array (
    0 => '\\think\\captcha\\CaptchaController',
    1 => 'index',
  ),
  'var' => 
  array (
  ),
)
[ info ] [ HEADER ] array (
  'cookie' => 'PHPSESSID=026lo4msrcs8vprd8o9d5rl2j3',
  'accept-language' => 'zh-CN,zh;q=0.9',
  'accept-encoding' => 'gzip, deflate',
  'referer' => 'http://q2010211.test/QSZRwMAOXU.php/index/login?url=%2FQSZRwMAOXU.php%2Fdashboard%3Fref%3Daddtabs',
  'accept' => 'image/avif,image/webp,image/apng,image/*,*/*;q=0.8',
  'user-agent' => 'Mozilla/5.0 (Windows NT 10.0; Win64; x64) AppleWebKit/537.36 (KHTML, like Gecko) Chrome/86.0.4240.183 Safari/537.36',
  'connection' => 'close',
  'host' => 'q2010211.test',
)
[ info ] [ PARAM ] array (
  'r' => '0.03193097014151003',
  'id' => NULL,
)
[ info ] [ RUN ] think\captcha\CaptchaController->index[ D:\phpStudy\PHPTutorial\WWW\q2010211\vendor\topthink\think-captcha\src\CaptchaController.php ]
[ info ] [ SESSION ] INIT array (
  'id' => '',
  'var_session_id' => '',
  'prefix' => 'think',
  'type' => '',
  'auto_start' => true,
)
[ info ] [ LOG ] INIT File
---------------------------------------------------------------
[ 2020-11-08T12:12:06+08:00 ] 127.0.0.1 POST q2010211.test/QSZRwMAOXU.php/index/login?url=%2FQSZRwMAOXU.php%2Fdashboard%3Fref%3Daddtabs
[运行时间：0.098159s] [吞吐率：10.19req/s] [内存消耗：3,437.62kb] [文件加载：144]
[ info ] [ BEHAVIOR ] Run Closure @app_init [ RunTime:0.000015s ]
[ info ] [ CACHE ] INIT File
[ info ] [ BEHAVIOR ] Run Closure @app_init [ RunTime:0.003496s ]
[ info ] [ LANG ] D:\phpStudy\PHPTutorial\WWW\q2010211\thinkphp\lang\zh-cn.php
[ info ] [ BEHAVIOR ] Run app\common\behavior\Common @app_dispatch [ RunTime:0.000556s ]
[ info ] [ ROUTE ] array (
  'type' => 'module',
  'module' => 
  array (
    0 => 'admin',
    1 => 'index',
    2 => 'login',
  ),
)
[ info ] [ HEADER ] array (
  'cookie' => 'PHPSESSID=026lo4msrcs8vprd8o9d5rl2j3',
  'accept-language' => 'zh-CN,zh;q=0.9',
  'accept-encoding' => 'gzip, deflate',
  'referer' => 'http://q2010211.test/QSZRwMAOXU.php/index/login?url=%2FQSZRwMAOXU.php%2Fdashboard%3Fref%3Daddtabs',
  'origin' => 'http://q2010211.test',
  'content-type' => 'application/x-www-form-urlencoded; charset=UTF-8',
  'user-agent' => 'Mozilla/5.0 (Windows NT 10.0; Win64; x64) AppleWebKit/537.36 (KHTML, like Gecko) Chrome/86.0.4240.183 Safari/537.36',
  'x-requested-with' => 'XMLHttpRequest',
  'accept' => 'application/json, text/javascript, */*; q=0.01',
  'content-length' => '86',
  'connection' => 'close',
  'host' => 'q2010211.test',
)
[ info ] [ PARAM ] array (
  'url' => '/QSZRwMAOXU.php/dashboard?ref=addtabs',
  '__token__' => '7a8800f4b857a7ebd4a5178d2c68c33c',
  'username' => 'admin',
  'password' => '123456',
  'captcha' => 'kl9f',
)
[ info ] [ LANG ] D:\phpStudy\PHPTutorial\WWW\q2010211\public/../application/admin\lang\zh-cn.php
[ info ] [ BEHAVIOR ] Run app\common\behavior\Common @module_init [ RunTime:0.001162s ]
[ info ] [ SESSION ] INIT array (
  'id' => '',
  'var_session_id' => '',
  'prefix' => 'think',
  'type' => '',
  'auto_start' => true,
)
[ info ] [ BEHAVIOR ] Run \addons\nkeditor\Nkeditor @config_init [ RunTime:0.000442s ]
[ info ] [ LANG ] D:\phpStudy\PHPTutorial\WWW\q2010211\public/../application/admin/lang/zh-cn/index.php
[ info ] [ RUN ] app\admin\controller\Index->login[ D:\phpStudy\PHPTutorial\WWW\q2010211\application\admin\controller\Index.php ]
[ info ] [ DB ] INIT mysql
[ info ] [ BEHAVIOR ] Run app\admin\behavior\AdminLog @app_end [ RunTime:0.036590s ]
[ info ] [ LOG ] INIT File
---------------------------------------------------------------
[ 2020-11-08T12:12:06+08:00 ] 127.0.0.1 GET q2010211.test/index.php?s=/captcha&r=0.27065590567345565
[运行时间：0.047881s] [吞吐率：20.89req/s] [内存消耗：1,869.68kb] [文件加载：116]
[ info ] [ BEHAVIOR ] Run Closure @app_init [ RunTime:0.000014s ]
[ info ] [ CACHE ] INIT File
[ info ] [ BEHAVIOR ] Run Closure @app_init [ RunTime:0.003431s ]
[ info ] [ LANG ] D:\phpStudy\PHPTutorial\WWW\q2010211\thinkphp\lang\zh-cn.php
[ info ] [ BEHAVIOR ] Run app\common\behavior\Common @app_dispatch [ RunTime:0.000553s ]
[ info ] [ ROUTE ] array (
  'type' => 'method',
  'method' => 
  array (
    0 => '\\think\\captcha\\CaptchaController',
    1 => 'index',
  ),
  'var' => 
  array (
  ),
)
[ info ] [ HEADER ] array (
  'cookie' => 'PHPSESSID=026lo4msrcs8vprd8o9d5rl2j3',
  'accept-language' => 'zh-CN,zh;q=0.9',
  'accept-encoding' => 'gzip, deflate',
  'referer' => 'http://q2010211.test/QSZRwMAOXU.php/index/login?url=%2FQSZRwMAOXU.php%2Fdashboard%3Fref%3Daddtabs',
  'accept' => 'image/avif,image/webp,image/apng,image/*,*/*;q=0.8',
  'user-agent' => 'Mozilla/5.0 (Windows NT 10.0; Win64; x64) AppleWebKit/537.36 (KHTML, like Gecko) Chrome/86.0.4240.183 Safari/537.36',
  'connection' => 'close',
  'host' => 'q2010211.test',
)
[ info ] [ PARAM ] array (
  'r' => '0.27065590567345565',
  'id' => NULL,
)
[ info ] [ RUN ] think\captcha\CaptchaController->index[ D:\phpStudy\PHPTutorial\WWW\q2010211\vendor\topthink\think-captcha\src\CaptchaController.php ]
[ info ] [ SESSION ] INIT array (
  'id' => '',
  'var_session_id' => '',
  'prefix' => 'think',
  'type' => '',
  'auto_start' => true,
)
[ info ] [ LOG ] INIT File
---------------------------------------------------------------
[ 2020-11-08T12:12:08+08:00 ] 127.0.0.1 GET q2010211.test/index.php?s=/captcha&r=0.21382146880240804
[运行时间：0.051357s] [吞吐率：19.47req/s] [内存消耗：1,869.68kb] [文件加载：116]
[ info ] [ BEHAVIOR ] Run Closure @app_init [ RunTime:0.000020s ]
[ info ] [ CACHE ] INIT File
[ info ] [ BEHAVIOR ] Run Closure @app_init [ RunTime:0.003820s ]
[ info ] [ LANG ] D:\phpStudy\PHPTutorial\WWW\q2010211\thinkphp\lang\zh-cn.php
[ info ] [ BEHAVIOR ] Run app\common\behavior\Common @app_dispatch [ RunTime:0.000536s ]
[ info ] [ ROUTE ] array (
  'type' => 'method',
  'method' => 
  array (
    0 => '\\think\\captcha\\CaptchaController',
    1 => 'index',
  ),
  'var' => 
  array (
  ),
)
[ info ] [ HEADER ] array (
  'cookie' => 'PHPSESSID=026lo4msrcs8vprd8o9d5rl2j3',
  'accept-language' => 'zh-CN,zh;q=0.9',
  'accept-encoding' => 'gzip, deflate',
  'referer' => 'http://q2010211.test/QSZRwMAOXU.php/index/login?url=%2FQSZRwMAOXU.php%2Fdashboard%3Fref%3Daddtabs',
  'accept' => 'image/avif,image/webp,image/apng,image/*,*/*;q=0.8',
  'user-agent' => 'Mozilla/5.0 (Windows NT 10.0; Win64; x64) AppleWebKit/537.36 (KHTML, like Gecko) Chrome/86.0.4240.183 Safari/537.36',
  'connection' => 'close',
  'host' => 'q2010211.test',
)
[ info ] [ PARAM ] array (
  'r' => '0.21382146880240804',
  'id' => NULL,
)
[ info ] [ RUN ] think\captcha\CaptchaController->index[ D:\phpStudy\PHPTutorial\WWW\q2010211\vendor\topthink\think-captcha\src\CaptchaController.php ]
[ info ] [ SESSION ] INIT array (
  'id' => '',
  'var_session_id' => '',
  'prefix' => 'think',
  'type' => '',
  'auto_start' => true,
)
[ info ] [ LOG ] INIT File
---------------------------------------------------------------
[ 2020-11-08T12:12:15+08:00 ] 127.0.0.1 POST q2010211.test/QSZRwMAOXU.php/index/login?url=%2FQSZRwMAOXU.php%2Fdashboard%3Fref%3Daddtabs
[运行时间：0.101948s] [吞吐率：9.81req/s] [内存消耗：3,437.62kb] [文件加载：144]
[ info ] [ BEHAVIOR ] Run Closure @app_init [ RunTime:0.000015s ]
[ info ] [ CACHE ] INIT File
[ info ] [ BEHAVIOR ] Run Closure @app_init [ RunTime:0.003534s ]
[ info ] [ LANG ] D:\phpStudy\PHPTutorial\WWW\q2010211\thinkphp\lang\zh-cn.php
[ info ] [ BEHAVIOR ] Run app\common\behavior\Common @app_dispatch [ RunTime:0.000647s ]
[ info ] [ ROUTE ] array (
  'type' => 'module',
  'module' => 
  array (
    0 => 'admin',
    1 => 'index',
    2 => 'login',
  ),
)
[ info ] [ HEADER ] array (
  'cookie' => 'PHPSESSID=026lo4msrcs8vprd8o9d5rl2j3',
  'accept-language' => 'zh-CN,zh;q=0.9',
  'accept-encoding' => 'gzip, deflate',
  'referer' => 'http://q2010211.test/QSZRwMAOXU.php/index/login?url=%2FQSZRwMAOXU.php%2Fdashboard%3Fref%3Daddtabs',
  'origin' => 'http://q2010211.test',
  'content-type' => 'application/x-www-form-urlencoded; charset=UTF-8',
  'user-agent' => 'Mozilla/5.0 (Windows NT 10.0; Win64; x64) AppleWebKit/537.36 (KHTML, like Gecko) Chrome/86.0.4240.183 Safari/537.36',
  'x-requested-with' => 'XMLHttpRequest',
  'accept' => 'application/json, text/javascript, */*; q=0.01',
  'content-length' => '86',
  'connection' => 'close',
  'host' => 'q2010211.test',
)
[ info ] [ PARAM ] array (
  'url' => '/QSZRwMAOXU.php/dashboard?ref=addtabs',
  '__token__' => '71d15279da43ecc68659df0450735dfd',
  'username' => 'admin',
  'password' => '123456',
  'captcha' => 'bgw5',
)
[ info ] [ LANG ] D:\phpStudy\PHPTutorial\WWW\q2010211\public/../application/admin\lang\zh-cn.php
[ info ] [ BEHAVIOR ] Run app\common\behavior\Common @module_init [ RunTime:0.001166s ]
[ info ] [ SESSION ] INIT array (
  'id' => '',
  'var_session_id' => '',
  'prefix' => 'think',
  'type' => '',
  'auto_start' => true,
)
[ info ] [ BEHAVIOR ] Run \addons\nkeditor\Nkeditor @config_init [ RunTime:0.001038s ]
[ info ] [ LANG ] D:\phpStudy\PHPTutorial\WWW\q2010211\public/../application/admin/lang/zh-cn/index.php
[ info ] [ RUN ] app\admin\controller\Index->login[ D:\phpStudy\PHPTutorial\WWW\q2010211\application\admin\controller\Index.php ]
[ info ] [ DB ] INIT mysql
[ info ] [ BEHAVIOR ] Run app\admin\behavior\AdminLog @app_end [ RunTime:0.038195s ]
[ info ] [ LOG ] INIT File
---------------------------------------------------------------
[ 2020-11-08T12:12:15+08:00 ] 127.0.0.1 GET q2010211.test/index.php?s=/captcha&r=0.05769544709196883
[运行时间：0.052142s] [吞吐率：19.18req/s] [内存消耗：1,869.68kb] [文件加载：116]
[ info ] [ BEHAVIOR ] Run Closure @app_init [ RunTime:0.000015s ]
[ info ] [ CACHE ] INIT File
[ info ] [ BEHAVIOR ] Run Closure @app_init [ RunTime:0.003500s ]
[ info ] [ LANG ] D:\phpStudy\PHPTutorial\WWW\q2010211\thinkphp\lang\zh-cn.php
[ info ] [ BEHAVIOR ] Run app\common\behavior\Common @app_dispatch [ RunTime:0.000610s ]
[ info ] [ ROUTE ] array (
  'type' => 'method',
  'method' => 
  array (
    0 => '\\think\\captcha\\CaptchaController',
    1 => 'index',
  ),
  'var' => 
  array (
  ),
)
[ info ] [ HEADER ] array (
  'cookie' => 'PHPSESSID=026lo4msrcs8vprd8o9d5rl2j3',
  'accept-language' => 'zh-CN,zh;q=0.9',
  'accept-encoding' => 'gzip, deflate',
  'referer' => 'http://q2010211.test/QSZRwMAOXU.php/index/login?url=%2FQSZRwMAOXU.php%2Fdashboard%3Fref%3Daddtabs',
  'accept' => 'image/avif,image/webp,image/apng,image/*,*/*;q=0.8',
  'user-agent' => 'Mozilla/5.0 (Windows NT 10.0; Win64; x64) AppleWebKit/537.36 (KHTML, like Gecko) Chrome/86.0.4240.183 Safari/537.36',
  'connection' => 'close',
  'host' => 'q2010211.test',
)
[ info ] [ PARAM ] array (
  'r' => '0.05769544709196883',
  'id' => NULL,
)
[ info ] [ RUN ] think\captcha\CaptchaController->index[ D:\phpStudy\PHPTutorial\WWW\q2010211\vendor\topthink\think-captcha\src\CaptchaController.php ]
[ info ] [ SESSION ] INIT array (
  'id' => '',
  'var_session_id' => '',
  'prefix' => 'think',
  'type' => '',
  'auto_start' => true,
)
[ info ] [ LOG ] INIT File
---------------------------------------------------------------
[ 2020-11-08T12:12:28+08:00 ] 127.0.0.1 POST q2010211.test/QSZRwMAOXU.php/index/login?url=%2FQSZRwMAOXU.php%2Fdashboard%3Fref%3Daddtabs
[运行时间：0.127463s] [吞吐率：7.85req/s] [内存消耗：3,466.65kb] [文件加载：146]
[ info ] [ BEHAVIOR ] Run Closure @app_init [ RunTime:0.000013s ]
[ info ] [ CACHE ] INIT File
[ info ] [ BEHAVIOR ] Run Closure @app_init [ RunTime:0.003913s ]
[ info ] [ LANG ] D:\phpStudy\PHPTutorial\WWW\q2010211\thinkphp\lang\zh-cn.php
[ info ] [ BEHAVIOR ] Run app\common\behavior\Common @app_dispatch [ RunTime:0.000581s ]
[ info ] [ ROUTE ] array (
  'type' => 'module',
  'module' => 
  array (
    0 => 'admin',
    1 => 'index',
    2 => 'login',
  ),
)
[ info ] [ HEADER ] array (
  'cookie' => 'PHPSESSID=026lo4msrcs8vprd8o9d5rl2j3',
  'accept-language' => 'zh-CN,zh;q=0.9',
  'accept-encoding' => 'gzip, deflate',
  'referer' => 'http://q2010211.test/QSZRwMAOXU.php/index/login?url=%2FQSZRwMAOXU.php%2Fdashboard%3Fref%3Daddtabs',
  'origin' => 'http://q2010211.test',
  'content-type' => 'application/x-www-form-urlencoded; charset=UTF-8',
  'user-agent' => 'Mozilla/5.0 (Windows NT 10.0; Win64; x64) AppleWebKit/537.36 (KHTML, like Gecko) Chrome/86.0.4240.183 Safari/537.36',
  'x-requested-with' => 'XMLHttpRequest',
  'accept' => 'application/json, text/javascript, */*; q=0.01',
  'content-length' => '86',
  'connection' => 'close',
  'host' => 'q2010211.test',
)
[ info ] [ PARAM ] array (
  'url' => '/QSZRwMAOXU.php/dashboard?ref=addtabs',
  '__token__' => '26392f2f812207ac1b2742da60108e23',
  'username' => 'admin',
  'password' => '123456',
  'captcha' => 'wrgh',
)
[ info ] [ LANG ] D:\phpStudy\PHPTutorial\WWW\q2010211\public/../application/admin\lang\zh-cn.php
[ info ] [ BEHAVIOR ] Run app\common\behavior\Common @module_init [ RunTime:0.001238s ]
[ info ] [ SESSION ] INIT array (
  'id' => '',
  'var_session_id' => '',
  'prefix' => 'think',
  'type' => '',
  'auto_start' => true,
)
[ info ] [ BEHAVIOR ] Run \addons\nkeditor\Nkeditor @config_init [ RunTime:0.000440s ]
[ info ] [ LANG ] D:\phpStudy\PHPTutorial\WWW\q2010211\public/../application/admin/lang/zh-cn/index.php
[ info ] [ RUN ] app\admin\controller\Index->login[ D:\phpStudy\PHPTutorial\WWW\q2010211\application\admin\controller\Index.php ]
[ info ] [ DB ] INIT mysql
[ info ] [ BEHAVIOR ] Run app\admin\behavior\AdminLog @app_end [ RunTime:0.009432s ]
[ info ] [ LOG ] INIT File
---------------------------------------------------------------
[ 2020-11-08T12:12:28+08:00 ] 127.0.0.1 GET q2010211.test/QSZRwMAOXU.php/dashboard?ref=addtabs
[运行时间：0.128704s] [吞吐率：7.77req/s] [内存消耗：3,299.65kb] [文件加载：139]
[ info ] [ BEHAVIOR ] Run Closure @app_init [ RunTime:0.000015s ]
[ info ] [ CACHE ] INIT File
[ info ] [ BEHAVIOR ] Run Closure @app_init [ RunTime:0.005212s ]
[ info ] [ LANG ] D:\phpStudy\PHPTutorial\WWW\q2010211\thinkphp\lang\zh-cn.php
[ info ] [ BEHAVIOR ] Run app\common\behavior\Common @app_dispatch [ RunTime:0.000621s ]
[ info ] [ ROUTE ] array (
  'type' => 'module',
  'module' => 
  array (
    0 => 'admin',
    1 => 'dashboard',
    2 => NULL,
  ),
)
[ info ] [ HEADER ] array (
  'cookie' => 'PHPSESSID=026lo4msrcs8vprd8o9d5rl2j3',
  'accept-language' => 'zh-CN,zh;q=0.9',
  'accept-encoding' => 'gzip, deflate',
  'referer' => 'http://q2010211.test/QSZRwMAOXU.php/index/login?url=%2FQSZRwMAOXU.php%2Fdashboard%3Fref%3Daddtabs',
  'accept' => 'text/html,application/xhtml+xml,application/xml;q=0.9,image/avif,image/webp,image/apng,*/*;q=0.8,application/signed-exchange;v=b3;q=0.9',
  'user-agent' => 'Mozilla/5.0 (Windows NT 10.0; Win64; x64) AppleWebKit/537.36 (KHTML, like Gecko) Chrome/86.0.4240.183 Safari/537.36',
  'upgrade-insecure-requests' => '1',
  'connection' => 'close',
  'host' => 'q2010211.test',
)
[ info ] [ PARAM ] array (
  'ref' => 'addtabs',
)
[ info ] [ LANG ] D:\phpStudy\PHPTutorial\WWW\q2010211\public/../application/admin\lang\zh-cn.php
[ info ] [ BEHAVIOR ] Run app\common\behavior\Common @module_init [ RunTime:0.001219s ]
[ info ] [ SESSION ] INIT array (
  'id' => '',
  'var_session_id' => '',
  'prefix' => 'think',
  'type' => '',
  'auto_start' => true,
)
[ info ] [ DB ] INIT mysql
[ info ] [ BEHAVIOR ] Run app\admin\behavior\AdminLog @app_end [ RunTime:0.000522s ]
[ info ] [ LOG ] INIT File
---------------------------------------------------------------
[ 2020-11-08T12:12:28+08:00 ] 127.0.0.1 GET q2010211.test/QSZRwMAOXU.php/index/index
[运行时间：0.164123s] [吞吐率：6.09req/s] [内存消耗：3,764.72kb] [文件加载：155]
[ info ] [ BEHAVIOR ] Run Closure @app_init [ RunTime:0.000017s ]
[ info ] [ CACHE ] INIT File
[ info ] [ BEHAVIOR ] Run Closure @app_init [ RunTime:0.003877s ]
[ info ] [ LANG ] D:\phpStudy\PHPTutorial\WWW\q2010211\thinkphp\lang\zh-cn.php
[ info ] [ BEHAVIOR ] Run app\common\behavior\Common @app_dispatch [ RunTime:0.000770s ]
[ info ] [ ROUTE ] array (
  'type' => 'module',
  'module' => 
  array (
    0 => 'admin',
    1 => 'index',
    2 => 'index',
  ),
)
[ info ] [ HEADER ] array (
  'cookie' => 'PHPSESSID=026lo4msrcs8vprd8o9d5rl2j3',
  'accept-language' => 'zh-CN,zh;q=0.9',
  'accept-encoding' => 'gzip, deflate',
  'referer' => 'http://q2010211.test/QSZRwMAOXU.php/index/login?url=%2FQSZRwMAOXU.php%2Fdashboard%3Fref%3Daddtabs',
  'accept' => 'text/html,application/xhtml+xml,application/xml;q=0.9,image/avif,image/webp,image/apng,*/*;q=0.8,application/signed-exchange;v=b3;q=0.9',
  'user-agent' => 'Mozilla/5.0 (Windows NT 10.0; Win64; x64) AppleWebKit/537.36 (KHTML, like Gecko) Chrome/86.0.4240.183 Safari/537.36',
  'upgrade-insecure-requests' => '1',
  'connection' => 'close',
  'host' => 'q2010211.test',
)
[ info ] [ PARAM ] array (
)
[ info ] [ LANG ] D:\phpStudy\PHPTutorial\WWW\q2010211\public/../application/admin\lang\zh-cn.php
[ info ] [ BEHAVIOR ] Run app\common\behavior\Common @module_init [ RunTime:0.001377s ]
[ info ] [ SESSION ] INIT array (
  'id' => '',
  'var_session_id' => '',
  'prefix' => 'think',
  'type' => '',
  'auto_start' => true,
)
[ info ] [ DB ] INIT mysql
[ info ] [ BEHAVIOR ] Run \addons\nkeditor\Nkeditor @config_init [ RunTime:0.000408s ]
[ info ] [ LANG ] D:\phpStudy\PHPTutorial\WWW\q2010211\public/../application/admin/lang/zh-cn/index.php
[ info ] [ RUN ] app\admin\controller\Index->index[ D:\phpStudy\PHPTutorial\WWW\q2010211\application\admin\controller\Index.php ]
[ info ] [ VIEW ] D:\phpStudy\PHPTutorial\WWW\q2010211\public/../application/admin\view\index\index.html [ array (
  0 => 'breadcrumb',
  1 => 'site',
  2 => 'config',
  3 => 'auth',
  4 => 'admin',
  5 => 'menulist',
  6 => 'navlist',
  7 => 'fixedmenu',
  8 => 'referermenu',
  9 => 'title',
) ]
[ info ] [ BEHAVIOR ] Run app\admin\behavior\AdminLog @app_end [ RunTime:0.000421s ]
[ info ] [ LOG ] INIT File
---------------------------------------------------------------
[ 2020-11-08T12:12:28+08:00 ] 127.0.0.1 GET q2010211.test/QSZRwMAOXU.php/dashboard?addtabs=1
[运行时间：0.122167s] [吞吐率：8.19req/s] [内存消耗：3,510.07kb] [文件加载：142]
[ info ] [ BEHAVIOR ] Run Closure @app_init [ RunTime:0.000017s ]
[ info ] [ CACHE ] INIT File
[ info ] [ BEHAVIOR ] Run Closure @app_init [ RunTime:0.006613s ]
[ info ] [ LANG ] D:\phpStudy\PHPTutorial\WWW\q2010211\thinkphp\lang\zh-cn.php
[ info ] [ BEHAVIOR ] Run app\common\behavior\Common @app_dispatch [ RunTime:0.000637s ]
[ info ] [ ROUTE ] array (
  'type' => 'module',
  'module' => 
  array (
    0 => 'admin',
    1 => 'dashboard',
    2 => NULL,
  ),
)
[ info ] [ HEADER ] array (
  'cookie' => 'PHPSESSID=026lo4msrcs8vprd8o9d5rl2j3',
  'accept-language' => 'zh-CN,zh;q=0.9',
  'accept-encoding' => 'gzip, deflate',
  'referer' => 'http://q2010211.test/QSZRwMAOXU.php/index/index',
  'accept' => 'text/html,application/xhtml+xml,application/xml;q=0.9,image/avif,image/webp,image/apng,*/*;q=0.8,application/signed-exchange;v=b3;q=0.9',
  'user-agent' => 'Mozilla/5.0 (Windows NT 10.0; Win64; x64) AppleWebKit/537.36 (KHTML, like Gecko) Chrome/86.0.4240.183 Safari/537.36',
  'upgrade-insecure-requests' => '1',
  'connection' => 'close',
  'host' => 'q2010211.test',
)
[ info ] [ PARAM ] array (
  'addtabs' => '1',
)
[ info ] [ LANG ] D:\phpStudy\PHPTutorial\WWW\q2010211\public/../application/admin\lang\zh-cn.php
[ info ] [ BEHAVIOR ] Run app\common\behavior\Common @module_init [ RunTime:0.001217s ]
[ info ] [ SESSION ] INIT array (
  'id' => '',
  'var_session_id' => '',
  'prefix' => 'think',
  'type' => '',
  'auto_start' => true,
)
[ info ] [ DB ] INIT mysql
[ info ] [ BEHAVIOR ] Run \addons\nkeditor\Nkeditor @config_init [ RunTime:0.001363s ]
[ info ] [ LANG ] D:\phpStudy\PHPTutorial\WWW\q2010211\public/../application/admin/lang/zh-cn/dashboard.php
[ info ] [ RUN ] app\admin\controller\Dashboard->index[ D:\phpStudy\PHPTutorial\WWW\q2010211\application\admin\controller\Dashboard.php ]
[ info ] [ VIEW ] D:\phpStudy\PHPTutorial\WWW\q2010211\public/../application/admin\view\dashboard\index.html [ array (
  0 => 'breadcrumb',
  1 => 'site',
  2 => 'config',
  3 => 'auth',
  4 => 'admin',
  5 => 'totaluser',
  6 => 'totalorder',
  7 => 'totalorderamount',
  8 => 'un_pay_order',
  9 => 'pay_order',
) ]
[ info ] [ BEHAVIOR ] Run app\admin\behavior\AdminLog @app_end [ RunTime:0.000427s ]
[ info ] [ LOG ] INIT File
---------------------------------------------------------------
[ 2020-11-08T12:12:28+08:00 ] 127.0.0.1 GET q2010211.test/QSZRwMAOXU.php/ajax/lang?callback=define&controllername=dashboard&v=1604808748
[运行时间：0.121108s] [吞吐率：8.26req/s] [内存消耗：3,568.28kb] [文件加载：143]
[ info ] [ BEHAVIOR ] Run Closure @app_init [ RunTime:0.000014s ]
[ info ] [ CACHE ] INIT File
[ info ] [ BEHAVIOR ] Run Closure @app_init [ RunTime:0.003211s ]
[ info ] [ LANG ] D:\phpStudy\PHPTutorial\WWW\q2010211\thinkphp\lang\zh-cn.php
[ info ] [ BEHAVIOR ] Run app\common\behavior\Common @app_dispatch [ RunTime:0.000522s ]
[ info ] [ ROUTE ] array (
  'type' => 'module',
  'module' => 
  array (
    0 => 'admin',
    1 => 'ajax',
    2 => 'lang',
  ),
)
[ info ] [ HEADER ] array (
  'cookie' => 'PHPSESSID=026lo4msrcs8vprd8o9d5rl2j3',
  'accept-language' => 'zh-CN,zh;q=0.9',
  'accept-encoding' => 'gzip, deflate',
  'referer' => 'http://q2010211.test/QSZRwMAOXU.php/dashboard?addtabs=1',
  'accept' => '*/*',
  'user-agent' => 'Mozilla/5.0 (Windows NT 10.0; Win64; x64) AppleWebKit/537.36 (KHTML, like Gecko) Chrome/86.0.4240.183 Safari/537.36',
  'connection' => 'close',
  'host' => 'q2010211.test',
)
[ info ] [ PARAM ] array (
  'callback' => 'define',
  'controllername' => 'dashboard',
  'v' => '1604808748',
)
[ info ] [ LANG ] D:\phpStudy\PHPTutorial\WWW\q2010211\public/../application/admin\lang\zh-cn.php
[ info ] [ BEHAVIOR ] Run app\common\behavior\Common @module_init [ RunTime:0.001170s ]
[ info ] [ SESSION ] INIT array (
  'id' => '',
  'var_session_id' => '',
  'prefix' => 'think',
  'type' => '',
  'auto_start' => true,
)
[ info ] [ DB ] INIT mysql
[ info ] [ BEHAVIOR ] Run \addons\nkeditor\Nkeditor @config_init [ RunTime:0.000451s ]
[ info ] [ LANG ] D:\phpStudy\PHPTutorial\WWW\q2010211\public/../application/admin/lang/zh-cn/ajax.php
[ info ] [ RUN ] app\admin\controller\Ajax->lang[ D:\phpStudy\PHPTutorial\WWW\q2010211\application\admin\controller\Ajax.php ]
[ info ] [ LANG ] D:\phpStudy\PHPTutorial\WWW\q2010211\public/../application/admin/lang/zh-cn/dashboard.php
[ info ] [ BEHAVIOR ] Run app\admin\behavior\AdminLog @app_end [ RunTime:0.000483s ]
[ info ] [ LOG ] INIT File
---------------------------------------------------------------
[ 2020-11-08T12:12:29+08:00 ] 127.0.0.1 GET q2010211.test/
[运行时间：0.131539s] [吞吐率：7.60req/s] [内存消耗：3,764.38kb] [文件加载：157]
[ info ] [ BEHAVIOR ] Run Closure @app_init [ RunTime:0.000015s ]
[ info ] [ CACHE ] INIT File
[ info ] [ BEHAVIOR ] Run Closure @app_init [ RunTime:0.003470s ]
[ info ] [ LANG ] D:\phpStudy\PHPTutorial\WWW\q2010211\thinkphp\lang\zh-cn.php
[ info ] [ BEHAVIOR ] Run app\common\behavior\Common @app_dispatch [ RunTime:0.000565s ]
[ info ] [ ROUTE ] array (
  'type' => 'module',
  'module' => 
  array (
    0 => '',
    1 => NULL,
    2 => NULL,
  ),
)
[ info ] [ HEADER ] array (
  'cookie' => 'PHPSESSID=026lo4msrcs8vprd8o9d5rl2j3',
  'accept-language' => 'zh-CN,zh;q=0.9',
  'accept-encoding' => 'gzip, deflate',
  'referer' => 'http://q2010211.test/',
  'accept' => '*/*',
  'user-agent' => 'Mozilla/5.0 (Windows NT 10.0; Win64; x64) AppleWebKit/537.36 (KHTML, like Gecko) Chrome/86.0.4240.183 Safari/537.36',
  'cache-control' => 'max-age=0',
  'connection' => 'close',
  'host' => 'q2010211.test',
)
[ info ] [ PARAM ] array (
)
[ info ] [ LANG ] D:\phpStudy\PHPTutorial\WWW\q2010211\public/../application/admin\lang\zh-cn.php
[ info ] [ BEHAVIOR ] Run app\common\behavior\Common @module_init [ RunTime:0.001164s ]
[ info ] [ SESSION ] INIT array (
  'id' => '',
  'var_session_id' => '',
  'prefix' => 'think',
  'type' => '',
  'auto_start' => true,
)
[ info ] [ DB ] INIT mysql
[ info ] [ BEHAVIOR ] Run \addons\nkeditor\Nkeditor @config_init [ RunTime:0.000433s ]
[ info ] [ LANG ] D:\phpStudy\PHPTutorial\WWW\q2010211\public/../application/admin/lang/zh-cn/index.php
[ info ] [ RUN ] app\admin\controller\Index->index[ D:\phpStudy\PHPTutorial\WWW\q2010211\application\admin\controller\Index.php ]
[ info ] [ VIEW ] D:\phpStudy\PHPTutorial\WWW\q2010211\public/../application/admin\view\index\index.html [ array (
  0 => 'breadcrumb',
  1 => 'site',
  2 => 'config',
  3 => 'auth',
  4 => 'admin',
  5 => 'menulist',
  6 => 'navlist',
  7 => 'fixedmenu',
  8 => 'referermenu',
  9 => 'title',
) ]
[ info ] [ BEHAVIOR ] Run app\admin\behavior\AdminLog @app_end [ RunTime:0.000527s ]
[ info ] [ LOG ] INIT File
---------------------------------------------------------------
[ 2020-11-08T12:12:29+08:00 ] 127.0.0.1 GET q2010211.test/QSZRwMAOXU.php/ajax/lang?callback=define&controllername=index&v=1604808748
[运行时间：0.097388s] [吞吐率：10.27req/s] [内存消耗：3,569.74kb] [文件加载：143]
[ info ] [ BEHAVIOR ] Run Closure @app_init [ RunTime:0.000015s ]
[ info ] [ CACHE ] INIT File
[ info ] [ BEHAVIOR ] Run Closure @app_init [ RunTime:0.003576s ]
[ info ] [ LANG ] D:\phpStudy\PHPTutorial\WWW\q2010211\thinkphp\lang\zh-cn.php
[ info ] [ BEHAVIOR ] Run app\common\behavior\Common @app_dispatch [ RunTime:0.000561s ]
[ info ] [ ROUTE ] array (
  'type' => 'module',
  'module' => 
  array (
    0 => 'admin',
    1 => 'ajax',
    2 => 'lang',
  ),
)
[ info ] [ HEADER ] array (
  'cookie' => 'PHPSESSID=026lo4msrcs8vprd8o9d5rl2j3',
  'accept-language' => 'zh-CN,zh;q=0.9',
  'accept-encoding' => 'gzip, deflate',
  'referer' => 'http://q2010211.test/QSZRwMAOXU.php/index/index',
  'accept' => '*/*',
  'user-agent' => 'Mozilla/5.0 (Windows NT 10.0; Win64; x64) AppleWebKit/537.36 (KHTML, like Gecko) Chrome/86.0.4240.183 Safari/537.36',
  'connection' => 'close',
  'host' => 'q2010211.test',
)
[ info ] [ PARAM ] array (
  'callback' => 'define',
  'controllername' => 'index',
  'v' => '1604808748',
)
[ info ] [ LANG ] D:\phpStudy\PHPTutorial\WWW\q2010211\public/../application/admin\lang\zh-cn.php
[ info ] [ BEHAVIOR ] Run app\common\behavior\Common @module_init [ RunTime:0.001191s ]
[ info ] [ SESSION ] INIT array (
  'id' => '',
  'var_session_id' => '',
  'prefix' => 'think',
  'type' => '',
  'auto_start' => true,
)
[ info ] [ DB ] INIT mysql
[ info ] [ BEHAVIOR ] Run \addons\nkeditor\Nkeditor @config_init [ RunTime:0.000444s ]
[ info ] [ LANG ] D:\phpStudy\PHPTutorial\WWW\q2010211\public/../application/admin/lang/zh-cn/ajax.php
[ info ] [ RUN ] app\admin\controller\Ajax->lang[ D:\phpStudy\PHPTutorial\WWW\q2010211\application\admin\controller\Ajax.php ]
[ info ] [ LANG ] D:\phpStudy\PHPTutorial\WWW\q2010211\public/../application/admin/lang/zh-cn/index.php
[ info ] [ BEHAVIOR ] Run app\admin\behavior\AdminLog @app_end [ RunTime:0.000519s ]
[ info ] [ LOG ] INIT File
---------------------------------------------------------------
[ 2020-11-08T12:27:20+08:00 ] 127.0.0.1 GET q2010211.test/QSZRwMAOXU.php/service?addtabs=1
[运行时间：0.096644s] [吞吐率：10.35req/s] [内存消耗：3,495.66kb] [文件加载：143]
[ info ] [ BEHAVIOR ] Run Closure @app_init [ RunTime:0.000095s ]
[ info ] [ CACHE ] INIT File
[ info ] [ BEHAVIOR ] Run Closure @app_init [ RunTime:0.003856s ]
[ info ] [ LANG ] D:\phpStudy\PHPTutorial\WWW\q2010211\thinkphp\lang\zh-cn.php
[ info ] [ BEHAVIOR ] Run app\common\behavior\Common @app_dispatch [ RunTime:0.000665s ]
[ info ] [ ROUTE ] array (
  'type' => 'module',
  'module' => 
  array (
    0 => 'admin',
    1 => 'service',
    2 => NULL,
  ),
)
[ info ] [ HEADER ] array (
  'cookie' => 'PHPSESSID=026lo4msrcs8vprd8o9d5rl2j3',
  'accept-language' => 'zh-CN,zh;q=0.9',
  'accept-encoding' => 'gzip, deflate',
  'referer' => 'http://q2010211.test/QSZRwMAOXU.php/service?ref=addtabs',
  'accept' => 'text/html,application/xhtml+xml,application/xml;q=0.9,image/avif,image/webp,image/apng,*/*;q=0.8,application/signed-exchange;v=b3;q=0.9',
  'user-agent' => 'Mozilla/5.0 (Windows NT 10.0; Win64; x64) AppleWebKit/537.36 (KHTML, like Gecko) Chrome/86.0.4240.183 Safari/537.36',
  'upgrade-insecure-requests' => '1',
  'connection' => 'close',
  'host' => 'q2010211.test',
)
[ info ] [ PARAM ] array (
  'addtabs' => '1',
)
[ info ] [ LANG ] D:\phpStudy\PHPTutorial\WWW\q2010211\public/../application/admin\lang\zh-cn.php
[ info ] [ BEHAVIOR ] Run app\common\behavior\Common @module_init [ RunTime:0.001644s ]
[ info ] [ SESSION ] INIT array (
  'id' => '',
  'var_session_id' => '',
  'prefix' => 'think',
  'type' => '',
  'auto_start' => true,
)
[ info ] [ DB ] INIT mysql
[ info ] [ BEHAVIOR ] Run \addons\nkeditor\Nkeditor @config_init [ RunTime:0.000433s ]
[ info ] [ LANG ] D:\phpStudy\PHPTutorial\WWW\q2010211\public/../application/admin/lang/zh-cn/service.php
[ info ] [ RUN ] app\common\controller\Backend->index[ D:\phpStudy\PHPTutorial\WWW\q2010211\application\admin\library\traits\Backend.php ]
[ info ] [ VIEW ] D:\phpStudy\PHPTutorial\WWW\q2010211\public/../application/admin\view\service\index.html [ array (
  0 => 'breadcrumb',
  1 => 'site',
  2 => 'config',
  3 => 'auth',
  4 => 'admin',
) ]
[ info ] [ BEHAVIOR ] Run app\admin\behavior\AdminLog @app_end [ RunTime:0.000469s ]
[ info ] [ LOG ] INIT File
---------------------------------------------------------------
[ 2020-11-08T12:27:20+08:00 ] 127.0.0.1 GET q2010211.test/QSZRwMAOXU.php/ajax/lang?callback=define&controllername=service&v=1604809640
[运行时间：0.092745s] [吞吐率：10.78req/s] [内存消耗：3,565.84kb] [文件加载：143]
[ info ] [ BEHAVIOR ] Run Closure @app_init [ RunTime:0.000015s ]
[ info ] [ CACHE ] INIT File
[ info ] [ BEHAVIOR ] Run Closure @app_init [ RunTime:0.003504s ]
[ info ] [ LANG ] D:\phpStudy\PHPTutorial\WWW\q2010211\thinkphp\lang\zh-cn.php
[ info ] [ BEHAVIOR ] Run app\common\behavior\Common @app_dispatch [ RunTime:0.000628s ]
[ info ] [ ROUTE ] array (
  'type' => 'module',
  'module' => 
  array (
    0 => 'admin',
    1 => 'ajax',
    2 => 'lang',
  ),
)
[ info ] [ HEADER ] array (
  'cookie' => 'PHPSESSID=026lo4msrcs8vprd8o9d5rl2j3',
  'accept-language' => 'zh-CN,zh;q=0.9',
  'accept-encoding' => 'gzip, deflate',
  'referer' => 'http://q2010211.test/QSZRwMAOXU.php/service?addtabs=1',
  'accept' => '*/*',
  'user-agent' => 'Mozilla/5.0 (Windows NT 10.0; Win64; x64) AppleWebKit/537.36 (KHTML, like Gecko) Chrome/86.0.4240.183 Safari/537.36',
  'connection' => 'close',
  'host' => 'q2010211.test',
)
[ info ] [ PARAM ] array (
  'callback' => 'define',
  'controllername' => 'service',
  'v' => '1604809640',
)
[ info ] [ LANG ] D:\phpStudy\PHPTutorial\WWW\q2010211\public/../application/admin\lang\zh-cn.php
[ info ] [ BEHAVIOR ] Run app\common\behavior\Common @module_init [ RunTime:0.001155s ]
[ info ] [ SESSION ] INIT array (
  'id' => '',
  'var_session_id' => '',
  'prefix' => 'think',
  'type' => '',
  'auto_start' => true,
)
[ info ] [ DB ] INIT mysql
[ info ] [ BEHAVIOR ] Run \addons\nkeditor\Nkeditor @config_init [ RunTime:0.000425s ]
[ info ] [ LANG ] D:\phpStudy\PHPTutorial\WWW\q2010211\public/../application/admin/lang/zh-cn/ajax.php
[ info ] [ RUN ] app\admin\controller\Ajax->lang[ D:\phpStudy\PHPTutorial\WWW\q2010211\application\admin\controller\Ajax.php ]
[ info ] [ LANG ] D:\phpStudy\PHPTutorial\WWW\q2010211\public/../application/admin/lang/zh-cn/service.php
[ info ] [ BEHAVIOR ] Run app\admin\behavior\AdminLog @app_end [ RunTime:0.000480s ]
[ info ] [ LOG ] INIT File
---------------------------------------------------------------
[ 2020-11-08T12:27:20+08:00 ] 127.0.0.1 GET q2010211.test/QSZRwMAOXU.php/service/index?addtabs=1&sort=id&order=desc&offset=0&limit=10&filter=%7B%7D&op=%7B%7D&_=1604809640569
[运行时间：0.105255s] [吞吐率：9.50req/s] [内存消耗：3,534.24kb] [文件加载：145]
[ info ] [ BEHAVIOR ] Run Closure @app_init [ RunTime:0.000015s ]
[ info ] [ CACHE ] INIT File
[ info ] [ BEHAVIOR ] Run Closure @app_init [ RunTime:0.003478s ]
[ info ] [ LANG ] D:\phpStudy\PHPTutorial\WWW\q2010211\thinkphp\lang\zh-cn.php
[ info ] [ BEHAVIOR ] Run app\common\behavior\Common @app_dispatch [ RunTime:0.000566s ]
[ info ] [ ROUTE ] array (
  'type' => 'module',
  'module' => 
  array (
    0 => 'admin',
    1 => 'service',
    2 => 'index',
  ),
)
[ info ] [ HEADER ] array (
  'cookie' => 'PHPSESSID=026lo4msrcs8vprd8o9d5rl2j3',
  'accept-language' => 'zh-CN,zh;q=0.9',
  'accept-encoding' => 'gzip, deflate',
  'referer' => 'http://q2010211.test/QSZRwMAOXU.php/service?addtabs=1',
  'content-type' => 'application/json',
  'user-agent' => 'Mozilla/5.0 (Windows NT 10.0; Win64; x64) AppleWebKit/537.36 (KHTML, like Gecko) Chrome/86.0.4240.183 Safari/537.36',
  'x-requested-with' => 'XMLHttpRequest',
  'accept' => 'application/json, text/javascript, */*; q=0.01',
  'connection' => 'close',
  'host' => 'q2010211.test',
)
[ info ] [ PARAM ] array (
  'addtabs' => '1',
  'sort' => 'id',
  'order' => 'desc',
  'offset' => '0',
  'limit' => '10',
  'filter' => '{}',
  'op' => '{}',
  '_' => '1604809640569',
)
[ info ] [ LANG ] D:\phpStudy\PHPTutorial\WWW\q2010211\public/../application/admin\lang\zh-cn.php
[ info ] [ BEHAVIOR ] Run app\common\behavior\Common @module_init [ RunTime:0.001190s ]
[ info ] [ SESSION ] INIT array (
  'id' => '',
  'var_session_id' => '',
  'prefix' => 'think',
  'type' => '',
  'auto_start' => true,
)
[ info ] [ DB ] INIT mysql
[ info ] [ BEHAVIOR ] Run \addons\nkeditor\Nkeditor @config_init [ RunTime:0.000475s ]
[ info ] [ LANG ] D:\phpStudy\PHPTutorial\WWW\q2010211\public/../application/admin/lang/zh-cn/service.php
[ info ] [ RUN ] app\common\controller\Backend->index[ D:\phpStudy\PHPTutorial\WWW\q2010211\application\admin\library\traits\Backend.php ]
[ info ] [ BEHAVIOR ] Run app\admin\behavior\AdminLog @app_end [ RunTime:0.000472s ]
[ info ] [ LOG ] INIT File
---------------------------------------------------------------
[ 2020-11-08T12:27:20+08:00 ] 127.0.0.1 GET q2010211.test/QSZRwMAOXU.php/1.jpg
[运行时间：0.049505s] [吞吐率：20.20req/s] [内存消耗：1,930.31kb] [文件加载：120]
[ info ] [ BEHAVIOR ] Run Closure @app_init [ RunTime:0.000014s ]
[ info ] [ CACHE ] INIT File
[ info ] [ BEHAVIOR ] Run Closure @app_init [ RunTime:0.003684s ]
[ info ] [ LANG ] D:\phpStudy\PHPTutorial\WWW\q2010211\thinkphp\lang\zh-cn.php
[ info ] [ BEHAVIOR ] Run app\common\behavior\Common @app_dispatch [ RunTime:0.000624s ]
[ info ] [ ROUTE ] array (
  'type' => 'module',
  'module' => 
  array (
    0 => 'admin',
    1 => '1.jpg',
    2 => NULL,
  ),
)
[ info ] [ HEADER ] array (
  'cookie' => 'PHPSESSID=026lo4msrcs8vprd8o9d5rl2j3',
  'accept-language' => 'zh-CN,zh;q=0.9',
  'accept-encoding' => 'gzip, deflate',
  'referer' => 'http://q2010211.test/QSZRwMAOXU.php/service?addtabs=1',
  'accept' => 'image/avif,image/webp,image/apng,image/*,*/*;q=0.8',
  'user-agent' => 'Mozilla/5.0 (Windows NT 10.0; Win64; x64) AppleWebKit/537.36 (KHTML, like Gecko) Chrome/86.0.4240.183 Safari/537.36',
  'connection' => 'close',
  'host' => 'q2010211.test',
)
[ info ] [ PARAM ] array (
)
[ info ] [ LANG ] D:\phpStudy\PHPTutorial\WWW\q2010211\public/../application/admin\lang\zh-cn.php
[ info ] [ LOG ] INIT File
---------------------------------------------------------------
[ 2020-11-08T12:27:21+08:00 ] 127.0.0.1 GET q2010211.test/QSZRwMAOXU.php/3.jpg
[运行时间：0.054747s] [吞吐率：18.27req/s] [内存消耗：1,930.31kb] [文件加载：120]
[ info ] [ BEHAVIOR ] Run Closure @app_init [ RunTime:0.000016s ]
[ info ] [ CACHE ] INIT File
[ info ] [ BEHAVIOR ] Run Closure @app_init [ RunTime:0.003555s ]
[ info ] [ LANG ] D:\phpStudy\PHPTutorial\WWW\q2010211\thinkphp\lang\zh-cn.php
[ info ] [ BEHAVIOR ] Run app\common\behavior\Common @app_dispatch [ RunTime:0.000587s ]
[ info ] [ ROUTE ] array (
  'type' => 'module',
  'module' => 
  array (
    0 => 'admin',
    1 => '3.jpg',
    2 => NULL,
  ),
)
[ info ] [ HEADER ] array (
  'cookie' => 'PHPSESSID=026lo4msrcs8vprd8o9d5rl2j3',
  'accept-language' => 'zh-CN,zh;q=0.9',
  'accept-encoding' => 'gzip, deflate',
  'referer' => 'http://q2010211.test/QSZRwMAOXU.php/service?addtabs=1',
  'accept' => 'image/avif,image/webp,image/apng,image/*,*/*;q=0.8',
  'user-agent' => 'Mozilla/5.0 (Windows NT 10.0; Win64; x64) AppleWebKit/537.36 (KHTML, like Gecko) Chrome/86.0.4240.183 Safari/537.36',
  'connection' => 'close',
  'host' => 'q2010211.test',
)
[ info ] [ PARAM ] array (
)
[ info ] [ LANG ] D:\phpStudy\PHPTutorial\WWW\q2010211\public/../application/admin\lang\zh-cn.php
[ info ] [ LOG ] INIT File
---------------------------------------------------------------
[ 2020-11-08T12:27:22+08:00 ] 127.0.0.1 GET q2010211.test/QSZRwMAOXU.php/2.jpg
[运行时间：0.051126s] [吞吐率：19.56req/s] [内存消耗：1,930.31kb] [文件加载：120]
[ info ] [ BEHAVIOR ] Run Closure @app_init [ RunTime:0.000097s ]
[ info ] [ CACHE ] INIT File
[ info ] [ BEHAVIOR ] Run Closure @app_init [ RunTime:0.003540s ]
[ info ] [ LANG ] D:\phpStudy\PHPTutorial\WWW\q2010211\thinkphp\lang\zh-cn.php
[ info ] [ BEHAVIOR ] Run app\common\behavior\Common @app_dispatch [ RunTime:0.000591s ]
[ info ] [ ROUTE ] array (
  'type' => 'module',
  'module' => 
  array (
    0 => 'admin',
    1 => '2.jpg',
    2 => NULL,
  ),
)
[ info ] [ HEADER ] array (
  'cookie' => 'PHPSESSID=026lo4msrcs8vprd8o9d5rl2j3',
  'accept-language' => 'zh-CN,zh;q=0.9',
  'accept-encoding' => 'gzip, deflate',
  'referer' => 'http://q2010211.test/QSZRwMAOXU.php/service?addtabs=1',
  'accept' => 'image/avif,image/webp,image/apng,image/*,*/*;q=0.8',
  'user-agent' => 'Mozilla/5.0 (Windows NT 10.0; Win64; x64) AppleWebKit/537.36 (KHTML, like Gecko) Chrome/86.0.4240.183 Safari/537.36',
  'connection' => 'close',
  'host' => 'q2010211.test',
)
[ info ] [ PARAM ] array (
)
[ info ] [ LANG ] D:\phpStudy\PHPTutorial\WWW\q2010211\public/../application/admin\lang\zh-cn.php
[ info ] [ LOG ] INIT File
---------------------------------------------------------------
[ 2020-11-08T12:27:24+08:00 ] 127.0.0.1 GET q2010211.test/QSZRwMAOXU.php/goods_comment?addtabs=1
[运行时间：0.097271s] [吞吐率：10.28req/s] [内存消耗：3,528.34kb] [文件加载：144]
[ info ] [ BEHAVIOR ] Run Closure @app_init [ RunTime:0.000016s ]
[ info ] [ CACHE ] INIT File
[ info ] [ BEHAVIOR ] Run Closure @app_init [ RunTime:0.003500s ]
[ info ] [ LANG ] D:\phpStudy\PHPTutorial\WWW\q2010211\thinkphp\lang\zh-cn.php
[ info ] [ BEHAVIOR ] Run app\common\behavior\Common @app_dispatch [ RunTime:0.000620s ]
[ info ] [ ROUTE ] array (
  'type' => 'module',
  'module' => 
  array (
    0 => 'admin',
    1 => 'goods_comment',
    2 => NULL,
  ),
)
[ info ] [ HEADER ] array (
  'cookie' => 'PHPSESSID=026lo4msrcs8vprd8o9d5rl2j3',
  'accept-language' => 'zh-CN,zh;q=0.9',
  'accept-encoding' => 'gzip, deflate',
  'referer' => 'http://q2010211.test/QSZRwMAOXU.php/goods_comment?ref=addtabs',
  'accept' => 'text/html,application/xhtml+xml,application/xml;q=0.9,image/avif,image/webp,image/apng,*/*;q=0.8,application/signed-exchange;v=b3;q=0.9',
  'user-agent' => 'Mozilla/5.0 (Windows NT 10.0; Win64; x64) AppleWebKit/537.36 (KHTML, like Gecko) Chrome/86.0.4240.183 Safari/537.36',
  'upgrade-insecure-requests' => '1',
  'connection' => 'close',
  'host' => 'q2010211.test',
)
[ info ] [ PARAM ] array (
  'addtabs' => '1',
)
[ info ] [ LANG ] D:\phpStudy\PHPTutorial\WWW\q2010211\public/../application/admin\lang\zh-cn.php
[ info ] [ BEHAVIOR ] Run app\common\behavior\Common @module_init [ RunTime:0.001279s ]
[ info ] [ SESSION ] INIT array (
  'id' => '',
  'var_session_id' => '',
  'prefix' => 'think',
  'type' => '',
  'auto_start' => true,
)
[ info ] [ DB ] INIT mysql
[ info ] [ BEHAVIOR ] Run \addons\nkeditor\Nkeditor @config_init [ RunTime:0.000441s ]
[ info ] [ LANG ] D:\phpStudy\PHPTutorial\WWW\q2010211\public/../application/admin/lang/zh-cn/goods_comment.php
[ info ] [ RUN ] app\admin\controller\GoodsComment->index[ D:\phpStudy\PHPTutorial\WWW\q2010211\application\admin\controller\GoodsComment.php ]
[ info ] [ VIEW ] D:\phpStudy\PHPTutorial\WWW\q2010211\public/../application/admin\view\goods_comment\index.html [ array (
  0 => 'breadcrumb',
  1 => 'site',
  2 => 'config',
  3 => 'auth',
  4 => 'admin',
  5 => 'statusList',
) ]
[ info ] [ BEHAVIOR ] Run app\admin\behavior\AdminLog @app_end [ RunTime:0.000448s ]
[ info ] [ LOG ] INIT File
---------------------------------------------------------------
[ 2020-11-08T12:27:24+08:00 ] 127.0.0.1 GET q2010211.test/QSZRwMAOXU.php/ajax/lang?callback=define&controllername=goods_comment&v=1604809644
[运行时间：0.093671s] [吞吐率：10.68req/s] [内存消耗：3,566.48kb] [文件加载：143]
[ info ] [ BEHAVIOR ] Run Closure @app_init [ RunTime:0.000014s ]
[ info ] [ CACHE ] INIT File
[ info ] [ BEHAVIOR ] Run Closure @app_init [ RunTime:0.003327s ]
[ info ] [ LANG ] D:\phpStudy\PHPTutorial\WWW\q2010211\thinkphp\lang\zh-cn.php
[ info ] [ BEHAVIOR ] Run app\common\behavior\Common @app_dispatch [ RunTime:0.000544s ]
[ info ] [ ROUTE ] array (
  'type' => 'module',
  'module' => 
  array (
    0 => 'admin',
    1 => 'ajax',
    2 => 'lang',
  ),
)
[ info ] [ HEADER ] array (
  'cookie' => 'PHPSESSID=026lo4msrcs8vprd8o9d5rl2j3',
  'accept-language' => 'zh-CN,zh;q=0.9',
  'accept-encoding' => 'gzip, deflate',
  'referer' => 'http://q2010211.test/QSZRwMAOXU.php/goods_comment?addtabs=1',
  'accept' => '*/*',
  'user-agent' => 'Mozilla/5.0 (Windows NT 10.0; Win64; x64) AppleWebKit/537.36 (KHTML, like Gecko) Chrome/86.0.4240.183 Safari/537.36',
  'connection' => 'close',
  'host' => 'q2010211.test',
)
[ info ] [ PARAM ] array (
  'callback' => 'define',
  'controllername' => 'goods_comment',
  'v' => '1604809644',
)
[ info ] [ LANG ] D:\phpStudy\PHPTutorial\WWW\q2010211\public/../application/admin\lang\zh-cn.php
[ info ] [ BEHAVIOR ] Run app\common\behavior\Common @module_init [ RunTime:0.001137s ]
[ info ] [ SESSION ] INIT array (
  'id' => '',
  'var_session_id' => '',
  'prefix' => 'think',
  'type' => '',
  'auto_start' => true,
)
[ info ] [ DB ] INIT mysql
[ info ] [ BEHAVIOR ] Run \addons\nkeditor\Nkeditor @config_init [ RunTime:0.000401s ]
[ info ] [ LANG ] D:\phpStudy\PHPTutorial\WWW\q2010211\public/../application/admin/lang/zh-cn/ajax.php
[ info ] [ RUN ] app\admin\controller\Ajax->lang[ D:\phpStudy\PHPTutorial\WWW\q2010211\application\admin\controller\Ajax.php ]
[ info ] [ LANG ] D:\phpStudy\PHPTutorial\WWW\q2010211\public/../application/admin/lang/zh-cn/goods_comment.php
[ info ] [ BEHAVIOR ] Run app\admin\behavior\AdminLog @app_end [ RunTime:0.000474s ]
[ info ] [ LOG ] INIT File
---------------------------------------------------------------
[ 2020-11-08T12:27:24+08:00 ] 127.0.0.1 GET q2010211.test/QSZRwMAOXU.php/goods_comment/index?addtabs=1&sort=id&order=desc&offset=0&limit=10&filter=%7B%7D&op=%7B%7D&_=1604809644295
[运行时间：0.153436s] [吞吐率：6.52req/s] [内存消耗：3,780.76kb] [文件加载：153]
[ info ] [ BEHAVIOR ] Run Closure @app_init [ RunTime:0.000015s ]
[ info ] [ CACHE ] INIT File
[ info ] [ BEHAVIOR ] Run Closure @app_init [ RunTime:0.003511s ]
[ info ] [ LANG ] D:\phpStudy\PHPTutorial\WWW\q2010211\thinkphp\lang\zh-cn.php
[ info ] [ BEHAVIOR ] Run app\common\behavior\Common @app_dispatch [ RunTime:0.000567s ]
[ info ] [ ROUTE ] array (
  'type' => 'module',
  'module' => 
  array (
    0 => 'admin',
    1 => 'goods_comment',
    2 => 'index',
  ),
)
[ info ] [ HEADER ] array (
  'cookie' => 'PHPSESSID=026lo4msrcs8vprd8o9d5rl2j3',
  'accept-language' => 'zh-CN,zh;q=0.9',
  'accept-encoding' => 'gzip, deflate',
  'referer' => 'http://q2010211.test/QSZRwMAOXU.php/goods_comment?addtabs=1',
  'content-type' => 'application/json',
  'user-agent' => 'Mozilla/5.0 (Windows NT 10.0; Win64; x64) AppleWebKit/537.36 (KHTML, like Gecko) Chrome/86.0.4240.183 Safari/537.36',
  'x-requested-with' => 'XMLHttpRequest',
  'accept' => 'application/json, text/javascript, */*; q=0.01',
  'connection' => 'close',
  'host' => 'q2010211.test',
)
[ info ] [ PARAM ] array (
  'addtabs' => '1',
  'sort' => 'id',
  'order' => 'desc',
  'offset' => '0',
  'limit' => '10',
  'filter' => '{}',
  'op' => '{}',
  '_' => '1604809644295',
)
[ info ] [ LANG ] D:\phpStudy\PHPTutorial\WWW\q2010211\public/../application/admin\lang\zh-cn.php
[ info ] [ BEHAVIOR ] Run app\common\behavior\Common @module_init [ RunTime:0.001147s ]
[ info ] [ SESSION ] INIT array (
  'id' => '',
  'var_session_id' => '',
  'prefix' => 'think',
  'type' => '',
  'auto_start' => true,
)
[ info ] [ DB ] INIT mysql
[ info ] [ BEHAVIOR ] Run \addons\nkeditor\Nkeditor @config_init [ RunTime:0.000409s ]
[ info ] [ LANG ] D:\phpStudy\PHPTutorial\WWW\q2010211\public/../application/admin/lang/zh-cn/goods_comment.php
[ info ] [ RUN ] app\admin\controller\GoodsComment->index[ D:\phpStudy\PHPTutorial\WWW\q2010211\application\admin\controller\GoodsComment.php ]
[ info ] [ BEHAVIOR ] Run app\admin\behavior\AdminLog @app_end [ RunTime:0.000494s ]
[ info ] [ LOG ] INIT File
---------------------------------------------------------------
[ 2020-11-08T12:27:24+08:00 ] 127.0.0.1 GET q2010211.test/uploads/20200731/8e729583be4c886372e948b8708f2e5c.png
[运行时间：0.045498s] [吞吐率：21.98req/s] [内存消耗：1,830.95kb] [文件加载：117]
[ info ] [ BEHAVIOR ] Run Closure @app_init [ RunTime:0.000016s ]
[ info ] [ CACHE ] INIT File
[ info ] [ BEHAVIOR ] Run Closure @app_init [ RunTime:0.003509s ]
[ info ] [ LANG ] D:\phpStudy\PHPTutorial\WWW\q2010211\thinkphp\lang\zh-cn.php
[ info ] [ BEHAVIOR ] Run app\common\behavior\Common @app_dispatch [ RunTime:0.000585s ]
[ info ] [ ROUTE ] array (
  'type' => 'module',
  'module' => 
  array (
    0 => 'uploads',
    1 => '20200731',
    2 => '8e729583be4c886372e948b8708f2e5c.png',
  ),
)
[ info ] [ HEADER ] array (
  'cookie' => 'PHPSESSID=026lo4msrcs8vprd8o9d5rl2j3',
  'accept-language' => 'zh-CN,zh;q=0.9',
  'accept-encoding' => 'gzip, deflate',
  'referer' => 'http://q2010211.test/QSZRwMAOXU.php/goods_comment?addtabs=1',
  'accept' => 'image/avif,image/webp,image/apng,image/*,*/*;q=0.8',
  'user-agent' => 'Mozilla/5.0 (Windows NT 10.0; Win64; x64) AppleWebKit/537.36 (KHTML, like Gecko) Chrome/86.0.4240.183 Safari/537.36',
  'connection' => 'close',
  'host' => 'q2010211.test',
)
[ info ] [ PARAM ] array (
)
[ info ] [ LOG ] INIT File
---------------------------------------------------------------
[ 2020-11-08T12:27:25+08:00 ] 127.0.0.1 GET q2010211.test/uploads/20200730/fcb0bdce65d06feeb188189e780324ba.png
[运行时间：0.051390s] [吞吐率：19.46req/s] [内存消耗：1,830.95kb] [文件加载：117]
[ info ] [ BEHAVIOR ] Run Closure @app_init [ RunTime:0.000013s ]
[ info ] [ CACHE ] INIT File
[ info ] [ BEHAVIOR ] Run Closure @app_init [ RunTime:0.003603s ]
[ info ] [ LANG ] D:\phpStudy\PHPTutorial\WWW\q2010211\thinkphp\lang\zh-cn.php
[ info ] [ BEHAVIOR ] Run app\common\behavior\Common @app_dispatch [ RunTime:0.000541s ]
[ info ] [ ROUTE ] array (
  'type' => 'module',
  'module' => 
  array (
    0 => 'uploads',
    1 => '20200730',
    2 => 'fcb0bdce65d06feeb188189e780324ba.png',
  ),
)
[ info ] [ HEADER ] array (
  'cookie' => 'PHPSESSID=026lo4msrcs8vprd8o9d5rl2j3',
  'accept-language' => 'zh-CN,zh;q=0.9',
  'accept-encoding' => 'gzip, deflate',
  'referer' => 'http://q2010211.test/QSZRwMAOXU.php/goods_comment?addtabs=1',
  'accept' => 'image/avif,image/webp,image/apng,image/*,*/*;q=0.8',
  'user-agent' => 'Mozilla/5.0 (Windows NT 10.0; Win64; x64) AppleWebKit/537.36 (KHTML, like Gecko) Chrome/86.0.4240.183 Safari/537.36',
  'connection' => 'close',
  'host' => 'q2010211.test',
)
[ info ] [ PARAM ] array (
)
[ info ] [ LOG ] INIT File
---------------------------------------------------------------
[ 2020-11-08T12:27:25+08:00 ] 127.0.0.1 GET q2010211.test/uploads/20200730/601f9b477458e5a75b3642e8847fe412.png
[运行时间：0.051488s] [吞吐率：19.42req/s] [内存消耗：1,830.95kb] [文件加载：117]
[ info ] [ BEHAVIOR ] Run Closure @app_init [ RunTime:0.000015s ]
[ info ] [ CACHE ] INIT File
[ info ] [ BEHAVIOR ] Run Closure @app_init [ RunTime:0.003629s ]
[ info ] [ LANG ] D:\phpStudy\PHPTutorial\WWW\q2010211\thinkphp\lang\zh-cn.php
[ info ] [ BEHAVIOR ] Run app\common\behavior\Common @app_dispatch [ RunTime:0.000557s ]
[ info ] [ ROUTE ] array (
  'type' => 'module',
  'module' => 
  array (
    0 => 'uploads',
    1 => '20200730',
    2 => '601f9b477458e5a75b3642e8847fe412.png',
  ),
)
[ info ] [ HEADER ] array (
  'cookie' => 'PHPSESSID=026lo4msrcs8vprd8o9d5rl2j3',
  'accept-language' => 'zh-CN,zh;q=0.9',
  'accept-encoding' => 'gzip, deflate',
  'referer' => 'http://q2010211.test/QSZRwMAOXU.php/goods_comment?addtabs=1',
  'accept' => 'image/avif,image/webp,image/apng,image/*,*/*;q=0.8',
  'user-agent' => 'Mozilla/5.0 (Windows NT 10.0; Win64; x64) AppleWebKit/537.36 (KHTML, like Gecko) Chrome/86.0.4240.183 Safari/537.36',
  'connection' => 'close',
  'host' => 'q2010211.test',
)
[ info ] [ PARAM ] array (
)
[ info ] [ LOG ] INIT File
---------------------------------------------------------------
[ 2020-11-08T12:27:36+08:00 ] 127.0.0.1 GET q2010211.test/QSZRwMAOXU.php/goods_comment/edit/ids/12?dialog=1
[运行时间：0.118909s] [吞吐率：8.41req/s] [内存消耗：3,645.43kb] [文件加载：145]
[ info ] [ BEHAVIOR ] Run Closure @app_init [ RunTime:0.000015s ]
[ info ] [ CACHE ] INIT File
[ info ] [ BEHAVIOR ] Run Closure @app_init [ RunTime:0.003475s ]
[ info ] [ LANG ] D:\phpStudy\PHPTutorial\WWW\q2010211\thinkphp\lang\zh-cn.php
[ info ] [ BEHAVIOR ] Run app\common\behavior\Common @app_dispatch [ RunTime:0.000568s ]
[ info ] [ ROUTE ] array (
  'type' => 'module',
  'module' => 
  array (
    0 => 'admin',
    1 => 'goods_comment',
    2 => 'edit',
  ),
)
[ info ] [ HEADER ] array (
  'cookie' => 'PHPSESSID=026lo4msrcs8vprd8o9d5rl2j3',
  'accept-language' => 'zh-CN,zh;q=0.9',
  'accept-encoding' => 'gzip, deflate',
  'referer' => 'http://q2010211.test/QSZRwMAOXU.php/goods_comment?addtabs=1',
  'accept' => 'text/html,application/xhtml+xml,application/xml;q=0.9,image/avif,image/webp,image/apng,*/*;q=0.8,application/signed-exchange;v=b3;q=0.9',
  'user-agent' => 'Mozilla/5.0 (Windows NT 10.0; Win64; x64) AppleWebKit/537.36 (KHTML, like Gecko) Chrome/86.0.4240.183 Safari/537.36',
  'upgrade-insecure-requests' => '1',
  'connection' => 'close',
  'host' => 'q2010211.test',
)
[ info ] [ PARAM ] array (
  'dialog' => '1',
  'ids' => '12',
)
[ info ] [ LANG ] D:\phpStudy\PHPTutorial\WWW\q2010211\public/../application/admin\lang\zh-cn.php
[ info ] [ BEHAVIOR ] Run app\common\behavior\Common @module_init [ RunTime:0.001839s ]
[ info ] [ SESSION ] INIT array (
  'id' => '',
  'var_session_id' => '',
  'prefix' => 'think',
  'type' => '',
  'auto_start' => true,
)
[ info ] [ DB ] INIT mysql
[ info ] [ BEHAVIOR ] Run \addons\nkeditor\Nkeditor @config_init [ RunTime:0.000480s ]
[ info ] [ LANG ] D:\phpStudy\PHPTutorial\WWW\q2010211\public/../application/admin/lang/zh-cn/goods_comment.php
[ info ] [ RUN ] app\common\controller\Backend->edit[ D:\phpStudy\PHPTutorial\WWW\q2010211\application\admin\library\traits\Backend.php ]
[ info ] [ VIEW ] D:\phpStudy\PHPTutorial\WWW\q2010211\public/../application/admin\view\goods_comment\edit.html [ array (
  0 => 'breadcrumb',
  1 => 'site',
  2 => 'config',
  3 => 'auth',
  4 => 'admin',
  5 => 'statusList',
  6 => 'row',
) ]
[ info ] [ BEHAVIOR ] Run app\admin\behavior\AdminLog @app_end [ RunTime:0.000498s ]
[ info ] [ LOG ] INIT File
---------------------------------------------------------------
[ 2020-11-08T12:27:36+08:00 ] 127.0.0.1 GET q2010211.test/QSZRwMAOXU.php/ajax/lang?callback=define&controllername=goods_comment&v=1604809656
[运行时间：0.103792s] [吞吐率：9.63req/s] [内存消耗：3,566.50kb] [文件加载：143]
[ info ] [ BEHAVIOR ] Run Closure @app_init [ RunTime:0.000015s ]
[ info ] [ CACHE ] INIT File
[ info ] [ BEHAVIOR ] Run Closure @app_init [ RunTime:0.003273s ]
[ info ] [ LANG ] D:\phpStudy\PHPTutorial\WWW\q2010211\thinkphp\lang\zh-cn.php
[ info ] [ BEHAVIOR ] Run app\common\behavior\Common @app_dispatch [ RunTime:0.000520s ]
[ info ] [ ROUTE ] array (
  'type' => 'module',
  'module' => 
  array (
    0 => 'admin',
    1 => 'ajax',
    2 => 'lang',
  ),
)
[ info ] [ HEADER ] array (
  'cookie' => 'PHPSESSID=026lo4msrcs8vprd8o9d5rl2j3',
  'accept-language' => 'zh-CN,zh;q=0.9',
  'accept-encoding' => 'gzip, deflate',
  'referer' => 'http://q2010211.test/QSZRwMAOXU.php/goods_comment/edit/ids/12?dialog=1',
  'accept' => '*/*',
  'user-agent' => 'Mozilla/5.0 (Windows NT 10.0; Win64; x64) AppleWebKit/537.36 (KHTML, like Gecko) Chrome/86.0.4240.183 Safari/537.36',
  'connection' => 'close',
  'host' => 'q2010211.test',
)
[ info ] [ PARAM ] array (
  'callback' => 'define',
  'controllername' => 'goods_comment',
  'v' => '1604809656',
)
[ info ] [ LANG ] D:\phpStudy\PHPTutorial\WWW\q2010211\public/../application/admin\lang\zh-cn.php
[ info ] [ BEHAVIOR ] Run app\common\behavior\Common @module_init [ RunTime:0.001142s ]
[ info ] [ SESSION ] INIT array (
  'id' => '',
  'var_session_id' => '',
  'prefix' => 'think',
  'type' => '',
  'auto_start' => true,
)
[ info ] [ DB ] INIT mysql
[ info ] [ BEHAVIOR ] Run \addons\nkeditor\Nkeditor @config_init [ RunTime:0.000413s ]
[ info ] [ LANG ] D:\phpStudy\PHPTutorial\WWW\q2010211\public/../application/admin/lang/zh-cn/ajax.php
[ info ] [ RUN ] app\admin\controller\Ajax->lang[ D:\phpStudy\PHPTutorial\WWW\q2010211\application\admin\controller\Ajax.php ]
[ info ] [ LANG ] D:\phpStudy\PHPTutorial\WWW\q2010211\public/../application/admin/lang/zh-cn/goods_comment.php
[ info ] [ BEHAVIOR ] Run app\admin\behavior\AdminLog @app_end [ RunTime:0.000591s ]
[ info ] [ LOG ] INIT File
---------------------------------------------------------------
[ 2020-11-08T12:27:44+08:00 ] 127.0.0.1 GET q2010211.test/QSZRwMAOXU.php/goods_comment/edit/ids/10?dialog=1
[运行时间：0.108785s] [吞吐率：9.19req/s] [内存消耗：3,525.53kb] [文件加载：143]
[ info ] [ BEHAVIOR ] Run Closure @app_init [ RunTime:0.000014s ]
[ info ] [ CACHE ] INIT File
[ info ] [ BEHAVIOR ] Run Closure @app_init [ RunTime:0.004102s ]
[ info ] [ LANG ] D:\phpStudy\PHPTutorial\WWW\q2010211\thinkphp\lang\zh-cn.php
[ info ] [ BEHAVIOR ] Run app\common\behavior\Common @app_dispatch [ RunTime:0.000589s ]
[ info ] [ ROUTE ] array (
  'type' => 'module',
  'module' => 
  array (
    0 => 'admin',
    1 => 'goods_comment',
    2 => 'edit',
  ),
)
[ info ] [ HEADER ] array (
  'cookie' => 'PHPSESSID=026lo4msrcs8vprd8o9d5rl2j3',
  'accept-language' => 'zh-CN,zh;q=0.9',
  'accept-encoding' => 'gzip, deflate',
  'referer' => 'http://q2010211.test/QSZRwMAOXU.php/goods_comment?addtabs=1',
  'accept' => 'text/html,application/xhtml+xml,application/xml;q=0.9,image/avif,image/webp,image/apng,*/*;q=0.8,application/signed-exchange;v=b3;q=0.9',
  'user-agent' => 'Mozilla/5.0 (Windows NT 10.0; Win64; x64) AppleWebKit/537.36 (KHTML, like Gecko) Chrome/86.0.4240.183 Safari/537.36',
  'upgrade-insecure-requests' => '1',
  'connection' => 'close',
  'host' => 'q2010211.test',
)
[ info ] [ PARAM ] array (
  'dialog' => '1',
  'ids' => '10',
)
[ info ] [ LANG ] D:\phpStudy\PHPTutorial\WWW\q2010211\public/../application/admin\lang\zh-cn.php
[ info ] [ BEHAVIOR ] Run app\common\behavior\Common @module_init [ RunTime:0.001186s ]
[ info ] [ SESSION ] INIT array (
  'id' => '',
  'var_session_id' => '',
  'prefix' => 'think',
  'type' => '',
  'auto_start' => true,
)
[ info ] [ DB ] INIT mysql
[ info ] [ BEHAVIOR ] Run \addons\nkeditor\Nkeditor @config_init [ RunTime:0.000440s ]
[ info ] [ LANG ] D:\phpStudy\PHPTutorial\WWW\q2010211\public/../application/admin/lang/zh-cn/goods_comment.php
[ info ] [ RUN ] app\common\controller\Backend->edit[ D:\phpStudy\PHPTutorial\WWW\q2010211\application\admin\library\traits\Backend.php ]
[ info ] [ VIEW ] D:\phpStudy\PHPTutorial\WWW\q2010211\public/../application/admin\view\goods_comment\edit.html [ array (
  0 => 'breadcrumb',
  1 => 'site',
  2 => 'config',
  3 => 'auth',
  4 => 'admin',
  5 => 'statusList',
  6 => 'row',
) ]
[ info ] [ BEHAVIOR ] Run app\admin\behavior\AdminLog @app_end [ RunTime:0.000516s ]
[ info ] [ LOG ] INIT File
---------------------------------------------------------------
[ 2020-11-08T12:27:44+08:00 ] 127.0.0.1 GET q2010211.test/QSZRwMAOXU.php/ajax/lang?callback=define&controllername=goods_comment&v=1604809664
[运行时间：0.100403s] [吞吐率：9.96req/s] [内存消耗：3,566.50kb] [文件加载：143]
[ info ] [ BEHAVIOR ] Run Closure @app_init [ RunTime:0.000016s ]
[ info ] [ CACHE ] INIT File
[ info ] [ BEHAVIOR ] Run Closure @app_init [ RunTime:0.003648s ]
[ info ] [ LANG ] D:\phpStudy\PHPTutorial\WWW\q2010211\thinkphp\lang\zh-cn.php
[ info ] [ BEHAVIOR ] Run app\common\behavior\Common @app_dispatch [ RunTime:0.001138s ]
[ info ] [ ROUTE ] array (
  'type' => 'module',
  'module' => 
  array (
    0 => 'admin',
    1 => 'ajax',
    2 => 'lang',
  ),
)
[ info ] [ HEADER ] array (
  'cookie' => 'PHPSESSID=026lo4msrcs8vprd8o9d5rl2j3',
  'accept-language' => 'zh-CN,zh;q=0.9',
  'accept-encoding' => 'gzip, deflate',
  'referer' => 'http://q2010211.test/QSZRwMAOXU.php/goods_comment/edit/ids/10?dialog=1',
  'accept' => '*/*',
  'user-agent' => 'Mozilla/5.0 (Windows NT 10.0; Win64; x64) AppleWebKit/537.36 (KHTML, like Gecko) Chrome/86.0.4240.183 Safari/537.36',
  'connection' => 'close',
  'host' => 'q2010211.test',
)
[ info ] [ PARAM ] array (
  'callback' => 'define',
  'controllername' => 'goods_comment',
  'v' => '1604809664',
)
[ info ] [ LANG ] D:\phpStudy\PHPTutorial\WWW\q2010211\public/../application/admin\lang\zh-cn.php
[ info ] [ BEHAVIOR ] Run app\common\behavior\Common @module_init [ RunTime:0.001222s ]
[ info ] [ SESSION ] INIT array (
  'id' => '',
  'var_session_id' => '',
  'prefix' => 'think',
  'type' => '',
  'auto_start' => true,
)
[ info ] [ DB ] INIT mysql
[ info ] [ BEHAVIOR ] Run \addons\nkeditor\Nkeditor @config_init [ RunTime:0.000412s ]
[ info ] [ LANG ] D:\phpStudy\PHPTutorial\WWW\q2010211\public/../application/admin/lang/zh-cn/ajax.php
[ info ] [ RUN ] app\admin\controller\Ajax->lang[ D:\phpStudy\PHPTutorial\WWW\q2010211\application\admin\controller\Ajax.php ]
[ info ] [ LANG ] D:\phpStudy\PHPTutorial\WWW\q2010211\public/../application/admin/lang/zh-cn/goods_comment.php
[ info ] [ BEHAVIOR ] Run app\admin\behavior\AdminLog @app_end [ RunTime:0.000440s ]
[ info ] [ LOG ] INIT File
---------------------------------------------------------------
[ 2020-11-08T12:27:56+08:00 ] 127.0.0.1 GET q2010211.test/QSZRwMAOXU.php/goods_comment/edit/ids/9?dialog=1
[运行时间：0.114500s] [吞吐率：8.73req/s] [内存消耗：3,525.52kb] [文件加载：143]
[ info ] [ BEHAVIOR ] Run Closure @app_init [ RunTime:0.000015s ]
[ info ] [ CACHE ] INIT File
[ info ] [ BEHAVIOR ] Run Closure @app_init [ RunTime:0.003364s ]
[ info ] [ LANG ] D:\phpStudy\PHPTutorial\WWW\q2010211\thinkphp\lang\zh-cn.php
[ info ] [ BEHAVIOR ] Run app\common\behavior\Common @app_dispatch [ RunTime:0.000621s ]
[ info ] [ ROUTE ] array (
  'type' => 'module',
  'module' => 
  array (
    0 => 'admin',
    1 => 'goods_comment',
    2 => 'edit',
  ),
)
[ info ] [ HEADER ] array (
  'cookie' => 'PHPSESSID=026lo4msrcs8vprd8o9d5rl2j3',
  'accept-language' => 'zh-CN,zh;q=0.9',
  'accept-encoding' => 'gzip, deflate',
  'referer' => 'http://q2010211.test/QSZRwMAOXU.php/goods_comment?addtabs=1',
  'accept' => 'text/html,application/xhtml+xml,application/xml;q=0.9,image/avif,image/webp,image/apng,*/*;q=0.8,application/signed-exchange;v=b3;q=0.9',
  'user-agent' => 'Mozilla/5.0 (Windows NT 10.0; Win64; x64) AppleWebKit/537.36 (KHTML, like Gecko) Chrome/86.0.4240.183 Safari/537.36',
  'upgrade-insecure-requests' => '1',
  'connection' => 'close',
  'host' => 'q2010211.test',
)
[ info ] [ PARAM ] array (
  'dialog' => '1',
  'ids' => '9',
)
[ info ] [ LANG ] D:\phpStudy\PHPTutorial\WWW\q2010211\public/../application/admin\lang\zh-cn.php
[ info ] [ BEHAVIOR ] Run app\common\behavior\Common @module_init [ RunTime:0.001198s ]
[ info ] [ SESSION ] INIT array (
  'id' => '',
  'var_session_id' => '',
  'prefix' => 'think',
  'type' => '',
  'auto_start' => true,
)
[ info ] [ DB ] INIT mysql
[ info ] [ BEHAVIOR ] Run \addons\nkeditor\Nkeditor @config_init [ RunTime:0.000434s ]
[ info ] [ LANG ] D:\phpStudy\PHPTutorial\WWW\q2010211\public/../application/admin/lang/zh-cn/goods_comment.php
[ info ] [ RUN ] app\common\controller\Backend->edit[ D:\phpStudy\PHPTutorial\WWW\q2010211\application\admin\library\traits\Backend.php ]
[ info ] [ VIEW ] D:\phpStudy\PHPTutorial\WWW\q2010211\public/../application/admin\view\goods_comment\edit.html [ array (
  0 => 'breadcrumb',
  1 => 'site',
  2 => 'config',
  3 => 'auth',
  4 => 'admin',
  5 => 'statusList',
  6 => 'row',
) ]
[ info ] [ BEHAVIOR ] Run app\admin\behavior\AdminLog @app_end [ RunTime:0.000458s ]
[ info ] [ LOG ] INIT File
---------------------------------------------------------------
[ 2020-11-08T12:27:56+08:00 ] 127.0.0.1 GET q2010211.test/QSZRwMAOXU.php/ajax/lang?callback=define&controllername=goods_comment&v=1604809676
[运行时间：0.100619s] [吞吐率：9.94req/s] [内存消耗：3,566.50kb] [文件加载：143]
[ info ] [ BEHAVIOR ] Run Closure @app_init [ RunTime:0.000014s ]
[ info ] [ CACHE ] INIT File
[ info ] [ BEHAVIOR ] Run Closure @app_init [ RunTime:0.004655s ]
[ info ] [ LANG ] D:\phpStudy\PHPTutorial\WWW\q2010211\thinkphp\lang\zh-cn.php
[ info ] [ BEHAVIOR ] Run app\common\behavior\Common @app_dispatch [ RunTime:0.000577s ]
[ info ] [ ROUTE ] array (
  'type' => 'module',
  'module' => 
  array (
    0 => 'admin',
    1 => 'ajax',
    2 => 'lang',
  ),
)
[ info ] [ HEADER ] array (
  'cookie' => 'PHPSESSID=026lo4msrcs8vprd8o9d5rl2j3',
  'accept-language' => 'zh-CN,zh;q=0.9',
  'accept-encoding' => 'gzip, deflate',
  'referer' => 'http://q2010211.test/QSZRwMAOXU.php/goods_comment/edit/ids/9?dialog=1',
  'accept' => '*/*',
  'user-agent' => 'Mozilla/5.0 (Windows NT 10.0; Win64; x64) AppleWebKit/537.36 (KHTML, like Gecko) Chrome/86.0.4240.183 Safari/537.36',
  'connection' => 'close',
  'host' => 'q2010211.test',
)
[ info ] [ PARAM ] array (
  'callback' => 'define',
  'controllername' => 'goods_comment',
  'v' => '1604809676',
)
[ info ] [ LANG ] D:\phpStudy\PHPTutorial\WWW\q2010211\public/../application/admin\lang\zh-cn.php
[ info ] [ BEHAVIOR ] Run app\common\behavior\Common @module_init [ RunTime:0.001165s ]
[ info ] [ SESSION ] INIT array (
  'id' => '',
  'var_session_id' => '',
  'prefix' => 'think',
  'type' => '',
  'auto_start' => true,
)
[ info ] [ DB ] INIT mysql
[ info ] [ BEHAVIOR ] Run \addons\nkeditor\Nkeditor @config_init [ RunTime:0.000547s ]
[ info ] [ LANG ] D:\phpStudy\PHPTutorial\WWW\q2010211\public/../application/admin/lang/zh-cn/ajax.php
[ info ] [ RUN ] app\admin\controller\Ajax->lang[ D:\phpStudy\PHPTutorial\WWW\q2010211\application\admin\controller\Ajax.php ]
[ info ] [ LANG ] D:\phpStudy\PHPTutorial\WWW\q2010211\public/../application/admin/lang/zh-cn/goods_comment.php
[ info ] [ BEHAVIOR ] Run app\admin\behavior\AdminLog @app_end [ RunTime:0.000504s ]
[ info ] [ LOG ] INIT File
